[1.560s] Invoking command in '/home/michal/ros2_ws/src/py_pubsub': PYTHONPATH=/home/michal/ros2_ws/src/build/py_pubsub/prefix_override:/home/michal/ros2_ws/src/install/py_pubsub/lib/python3.8/site-packages:${PYTHONPATH} /usr/bin/python3 -W ignore:setup.py install is deprecated setup.py egg_info --egg-base ../build/py_pubsub build --build-base /home/michal/ros2_ws/src/build/py_pubsub/build install --record /home/michal/ros2_ws/src/build/py_pubsub/install.log --single-version-externally-managed install_data
[2.100s] running egg_info
[2.134s] writing ../build/py_pubsub/py_pubsub.egg-info/PKG-INFO
[2.134s] writing dependency_links to ../build/py_pubsub/py_pubsub.egg-info/dependency_links.txt
[2.134s] writing entry points to ../build/py_pubsub/py_pubsub.egg-info/entry_points.txt
[2.134s] writing requirements to ../build/py_pubsub/py_pubsub.egg-info/requires.txt
[2.134s] writing top-level names to ../build/py_pubsub/py_pubsub.egg-info/top_level.txt
[2.340s] reading manifest file '../build/py_pubsub/py_pubsub.egg-info/SOURCES.txt'
[2.342s] writing manifest file '../build/py_pubsub/py_pubsub.egg-info/SOURCES.txt'
[2.342s] running build
[2.342s] running build_py
[2.343s] running install
[2.350s] running install_lib
[2.382s] running install_data
[2.382s] running install_egg_info
[2.414s] removing '/home/michal/ros2_ws/src/install/py_pubsub/lib/python3.8/site-packages/py_pubsub-0.0.0-py3.8.egg-info' (and everything under it)
[2.414s] Copying ../build/py_pubsub/py_pubsub.egg-info to /home/michal/ros2_ws/src/install/py_pubsub/lib/python3.8/site-packages/py_pubsub-0.0.0-py3.8.egg-info
[2.415s] running install_scripts
[2.526s] Installing talker script to /home/michal/ros2_ws/src/install/py_pubsub/lib/py_pubsub
[2.526s] writing list of installed files to '/home/michal/ros2_ws/src/build/py_pubsub/install.log'
[2.554s] Invoked command in '/home/michal/ros2_ws/src/py_pubsub' returned '0': PYTHONPATH=/home/michal/ros2_ws/src/build/py_pubsub/prefix_override:/home/michal/ros2_ws/src/install/py_pubsub/lib/python3.8/site-packages:${PYTHONPATH} /usr/bin/python3 -W ignore:setup.py install is deprecated setup.py egg_info --egg-base ../build/py_pubsub build --build-base /home/michal/ros2_ws/src/build/py_pubsub/build install --record /home/michal/ros2_ws/src/build/py_pubsub/install.log --single-version-externally-managed install_data
