[2.185s] Invoking command in '/home/michal/ros2_ws/src/my_package': PYTHONPATH=/home/michal/ros2_ws/src/build/my_package/prefix_override:/home/michal/ros2_ws/src/install/my_package/lib/python3.8/site-packages:${PYTHONPATH} /usr/bin/python3 -W ignore:setup.py install is deprecated setup.py egg_info --egg-base ../build/my_package build --build-base /home/michal/ros2_ws/src/build/my_package/build install --record /home/michal/ros2_ws/src/build/my_package/install.log --single-version-externally-managed install_data
[2.695s] running egg_info
[2.695s] creating ../build/my_package/my_package.egg-info
[2.726s] writing ../build/my_package/my_package.egg-info/PKG-INFO
[2.726s] writing dependency_links to ../build/my_package/my_package.egg-info/dependency_links.txt
[2.726s] writing entry points to ../build/my_package/my_package.egg-info/entry_points.txt
[2.726s] writing requirements to ../build/my_package/my_package.egg-info/requires.txt
[2.726s] writing top-level names to ../build/my_package/my_package.egg-info/top_level.txt
[2.861s] writing manifest file '../build/my_package/my_package.egg-info/SOURCES.txt'
[2.927s] reading manifest file '../build/my_package/my_package.egg-info/SOURCES.txt'
[2.928s] writing manifest file '../build/my_package/my_package.egg-info/SOURCES.txt'
[2.928s] running build
[2.928s] running build_py
[2.928s] creating /home/michal/ros2_ws/src/build/my_package/build
[2.928s] creating /home/michal/ros2_ws/src/build/my_package/build/lib
[2.928s] creating /home/michal/ros2_ws/src/build/my_package/build/lib/my_package
[2.929s] copying my_package/my_node.py -> /home/michal/ros2_ws/src/build/my_package/build/lib/my_package
[2.929s] copying my_package/__init__.py -> /home/michal/ros2_ws/src/build/my_package/build/lib/my_package
[2.929s] running install
[2.934s] running install_lib
[2.966s] creating /home/michal/ros2_ws/src/install/my_package/lib/python3.8/site-packages/my_package
[2.966s] copying /home/michal/ros2_ws/src/build/my_package/build/lib/my_package/my_node.py -> /home/michal/ros2_ws/src/install/my_package/lib/python3.8/site-packages/my_package
[2.966s] copying /home/michal/ros2_ws/src/build/my_package/build/lib/my_package/__init__.py -> /home/michal/ros2_ws/src/install/my_package/lib/python3.8/site-packages/my_package
[2.968s] byte-compiling /home/michal/ros2_ws/src/install/my_package/lib/python3.8/site-packages/my_package/my_node.py to my_node.cpython-38.pyc
[2.968s] byte-compiling /home/michal/ros2_ws/src/install/my_package/lib/python3.8/site-packages/my_package/__init__.py to __init__.cpython-38.pyc
[2.968s] running install_data
[2.968s] creating /home/michal/ros2_ws/src/install/my_package/share/ament_index
[2.968s] creating /home/michal/ros2_ws/src/install/my_package/share/ament_index/resource_index
[2.968s] creating /home/michal/ros2_ws/src/install/my_package/share/ament_index/resource_index/packages
[2.969s] copying resource/my_package -> /home/michal/ros2_ws/src/install/my_package/share/ament_index/resource_index/packages
[2.969s] copying package.xml -> /home/michal/ros2_ws/src/install/my_package/share/my_package
[2.969s] running install_egg_info
[3.020s] Copying ../build/my_package/my_package.egg-info to /home/michal/ros2_ws/src/install/my_package/lib/python3.8/site-packages/my_package-0.0.0-py3.8.egg-info
[3.021s] running install_scripts
[3.108s] Installing my_node script to /home/michal/ros2_ws/src/install/my_package/lib/my_package
[3.109s] writing list of installed files to '/home/michal/ros2_ws/src/build/my_package/install.log'
[3.139s] Invoked command in '/home/michal/ros2_ws/src/my_package' returned '0': PYTHONPATH=/home/michal/ros2_ws/src/build/my_package/prefix_override:/home/michal/ros2_ws/src/install/my_package/lib/python3.8/site-packages:${PYTHONPATH} /usr/bin/python3 -W ignore:setup.py install is deprecated setup.py egg_info --egg-base ../build/my_package build --build-base /home/michal/ros2_ws/src/build/my_package/build install --record /home/michal/ros2_ws/src/build/my_package/install.log --single-version-externally-managed install_data
