[0.185s] DEBUG:colcon:Command line arguments: ['/usr/bin/colcon', 'build']
[0.185s] DEBUG:colcon:Parsed command line arguments: Namespace(allow_overriding=[], ament_cmake_args=None, base_paths=['.'], build_base='build', catkin_cmake_args=None, catkin_skip_building_tests=False, cmake_args=None, cmake_clean_cache=False, cmake_clean_first=False, cmake_force_configure=False, cmake_target=None, cmake_target_skip_unavailable=False, continue_on_error=False, event_handlers=None, executor='parallel', ignore_user_meta=False, install_base='install', log_base=None, log_level=None, main=<bound method BuildVerb.main of <colcon_core.verb.build.BuildVerb object at 0x7f7ea3a785e0>>, merge_install=False, metas=['./colcon.meta'], packages_above=None, packages_above_and_dependencies=None, packages_above_depth=None, packages_end=None, packages_ignore=None, packages_ignore_regex=None, packages_select=None, packages_select_build_failed=False, packages_select_by_dep=None, packages_select_regex=None, packages_select_test_failures=False, packages_skip=None, packages_skip_build_finished=False, packages_skip_by_dep=None, packages_skip_regex=None, packages_skip_test_passed=False, packages_skip_up_to=None, packages_start=None, packages_up_to=None, packages_up_to_regex=None, parallel_workers=12, paths=None, symlink_install=False, test_result_base=None, verb_extension=<colcon_core.verb.build.BuildVerb object at 0x7f7ea3a785e0>, verb_name='build', verb_parser=<colcon_defaults.argument_parser.defaults.DefaultArgumentsDecorator object at 0x7f7ea3a89280>)
[0.220s] Level 1:colcon.colcon_core.package_discovery:discover_packages(colcon_meta) check parameters
[0.220s] Level 1:colcon.colcon_core.package_discovery:discover_packages(recursive) check parameters
[0.220s] Level 1:colcon.colcon_core.package_discovery:discover_packages(ignore) check parameters
[0.220s] Level 1:colcon.colcon_core.package_discovery:discover_packages(path) check parameters
[0.220s] Level 1:colcon.colcon_core.package_discovery:discover_packages(colcon_meta) discover
[0.220s] Level 1:colcon.colcon_core.package_discovery:discover_packages(recursive) discover
[0.220s] INFO:colcon.colcon_core.package_discovery:Crawling recursively for packages in '/home/michal/ros2_ws/src'
[0.220s] Level 1:colcon.colcon_core.package_identification:_identify(.) by extensions ['ignore', 'ignore_ament_install']
[0.220s] Level 1:colcon.colcon_core.package_identification:_identify(.) by extension 'ignore'
[0.220s] Level 1:colcon.colcon_core.package_identification:_identify(.) by extension 'ignore_ament_install'
[0.220s] Level 1:colcon.colcon_core.package_identification:_identify(.) by extensions ['colcon_pkg']
[0.220s] Level 1:colcon.colcon_core.package_identification:_identify(.) by extension 'colcon_pkg'
[0.220s] Level 1:colcon.colcon_core.package_identification:_identify(.) by extensions ['colcon_meta']
[0.220s] Level 1:colcon.colcon_core.package_identification:_identify(.) by extension 'colcon_meta'
[0.220s] Level 1:colcon.colcon_core.package_identification:_identify(.) by extensions ['ros']
[0.220s] Level 1:colcon.colcon_core.package_identification:_identify(.) by extension 'ros'
[0.247s] Level 1:colcon.colcon_core.package_identification:_identify(.) by extensions ['cmake', 'python']
[0.247s] Level 1:colcon.colcon_core.package_identification:_identify(.) by extension 'cmake'
[0.247s] Level 1:colcon.colcon_core.package_identification:_identify(.) by extension 'python'
[0.247s] Level 1:colcon.colcon_core.package_identification:_identify(.) by extensions ['python_setup_py']
[0.247s] Level 1:colcon.colcon_core.package_identification:_identify(.) by extension 'python_setup_py'
[0.247s] Level 1:colcon.colcon_core.package_identification:_identify(build) by extensions ['ignore', 'ignore_ament_install']
[0.247s] Level 1:colcon.colcon_core.package_identification:_identify(build) by extension 'ignore'
[0.247s] Level 1:colcon.colcon_core.package_identification:_identify(build) ignored
[0.248s] Level 1:colcon.colcon_core.package_identification:_identify(install) by extensions ['ignore', 'ignore_ament_install']
[0.248s] Level 1:colcon.colcon_core.package_identification:_identify(install) by extension 'ignore'
[0.248s] Level 1:colcon.colcon_core.package_identification:_identify(install) ignored
[0.248s] Level 1:colcon.colcon_core.package_identification:_identify(log) by extensions ['ignore', 'ignore_ament_install']
[0.248s] Level 1:colcon.colcon_core.package_identification:_identify(log) by extension 'ignore'
[0.248s] Level 1:colcon.colcon_core.package_identification:_identify(log) ignored
[0.248s] Level 1:colcon.colcon_core.package_identification:_identify(my_new_package) by extensions ['ignore', 'ignore_ament_install']
[0.248s] Level 1:colcon.colcon_core.package_identification:_identify(my_new_package) by extension 'ignore'
[0.248s] Level 1:colcon.colcon_core.package_identification:_identify(my_new_package) by extension 'ignore_ament_install'
[0.248s] Level 1:colcon.colcon_core.package_identification:_identify(my_new_package) by extensions ['colcon_pkg']
[0.248s] Level 1:colcon.colcon_core.package_identification:_identify(my_new_package) by extension 'colcon_pkg'
[0.248s] Level 1:colcon.colcon_core.package_identification:_identify(my_new_package) by extensions ['colcon_meta']
[0.248s] Level 1:colcon.colcon_core.package_identification:_identify(my_new_package) by extension 'colcon_meta'
[0.248s] Level 1:colcon.colcon_core.package_identification:_identify(my_new_package) by extensions ['ros']
[0.248s] Level 1:colcon.colcon_core.package_identification:_identify(my_new_package) by extension 'ros'
[0.250s] DEBUG:colcon.colcon_core.package_identification:Package 'my_new_package' with type 'ros.ament_cmake' and name 'my_new_package'
[0.250s] Level 1:colcon.colcon_core.package_discovery:discover_packages(recursive) using defaults
[0.250s] Level 1:colcon.colcon_core.package_discovery:discover_packages(ignore) discover
[0.250s] Level 1:colcon.colcon_core.package_discovery:discover_packages(ignore) using defaults
[0.250s] Level 1:colcon.colcon_core.package_discovery:discover_packages(path) discover
[0.250s] Level 1:colcon.colcon_core.package_discovery:discover_packages(path) using defaults
[0.264s] Level 1:colcon.colcon_core.package_discovery:discover_packages(prefix_path) check parameters
[0.264s] Level 1:colcon.colcon_core.package_discovery:discover_packages(prefix_path) discover
[0.265s] Level 1:colcon.colcon_core.package_discovery:discover_packages(prefix_path) using defaults
[0.266s] Level 5:colcon.colcon_core.verb:set package 'my_new_package' build argument 'cmake_args' from command line to 'None'
[0.266s] Level 5:colcon.colcon_core.verb:set package 'my_new_package' build argument 'cmake_target' from command line to 'None'
[0.266s] Level 5:colcon.colcon_core.verb:set package 'my_new_package' build argument 'cmake_target_skip_unavailable' from command line to 'False'
[0.266s] Level 5:colcon.colcon_core.verb:set package 'my_new_package' build argument 'cmake_clean_cache' from command line to 'False'
[0.266s] Level 5:colcon.colcon_core.verb:set package 'my_new_package' build argument 'cmake_clean_first' from command line to 'False'
[0.266s] Level 5:colcon.colcon_core.verb:set package 'my_new_package' build argument 'cmake_force_configure' from command line to 'False'
[0.266s] Level 5:colcon.colcon_core.verb:set package 'my_new_package' build argument 'ament_cmake_args' from command line to 'None'
[0.266s] Level 5:colcon.colcon_core.verb:set package 'my_new_package' build argument 'catkin_cmake_args' from command line to 'None'
[0.266s] Level 5:colcon.colcon_core.verb:set package 'my_new_package' build argument 'catkin_skip_building_tests' from command line to 'False'
[0.266s] DEBUG:colcon.colcon_core.verb:Building package 'my_new_package' with the following arguments: {'ament_cmake_args': None, 'build_base': '/home/michal/ros2_ws/src/build/my_new_package', 'catkin_cmake_args': None, 'catkin_skip_building_tests': False, 'cmake_args': None, 'cmake_clean_cache': False, 'cmake_clean_first': False, 'cmake_force_configure': False, 'cmake_target': None, 'cmake_target_skip_unavailable': False, 'install_base': '/home/michal/ros2_ws/src/install/my_new_package', 'merge_install': False, 'path': '/home/michal/ros2_ws/src/my_new_package', 'symlink_install': False, 'test_result_base': None}
[0.266s] INFO:colcon.colcon_core.executor:Executing jobs using 'parallel' executor
[0.267s] DEBUG:colcon.colcon_parallel_executor.executor.parallel:run_until_complete
[0.267s] INFO:colcon.colcon_ros.task.ament_cmake.build:Building ROS package in '/home/michal/ros2_ws/src/my_new_package' with build type 'ament_cmake'
[0.267s] INFO:colcon.colcon_cmake.task.cmake.build:Building CMake package in '/home/michal/ros2_ws/src/my_new_package'
[0.269s] INFO:colcon.colcon_core.plugin_system:Skipping extension 'colcon_core.shell.bat': Not used on non-Windows systems
[0.269s] INFO:colcon.colcon_core.shell:Skip shell extension 'powershell' for command environment: Not usable outside of PowerShell
[0.269s] DEBUG:colcon.colcon_core.shell:Skip shell extension 'dsv' for command environment
[0.278s] DEBUG:colcon.colcon_core.event_handler.log_command:Invoking command in '/home/michal/ros2_ws/src/build/my_new_package': /home/michal/.local/bin/cmake --build /home/michal/ros2_ws/src/build/my_new_package -- -j12 -l12
[0.325s] DEBUG:colcon.colcon_core.event_handler.log_command:Invoked command in '/home/michal/ros2_ws/src/build/my_new_package' returned '0': /home/michal/.local/bin/cmake --build /home/michal/ros2_ws/src/build/my_new_package -- -j12 -l12
[0.405s] DEBUG:colcon.colcon_core.event_handler.log_command:Invoking command in '/home/michal/ros2_ws/src/build/my_new_package': /home/michal/.local/bin/cmake --install /home/michal/ros2_ws/src/build/my_new_package
[0.432s] Level 1:colcon.colcon_core.environment:create_environment_scripts_only(my_new_package)
[0.434s] DEBUG:colcon.colcon_core.event_handler.log_command:Invoked command in '/home/michal/ros2_ws/src/build/my_new_package' returned '0': /home/michal/.local/bin/cmake --install /home/michal/ros2_ws/src/build/my_new_package
[0.439s] Level 1:colcon.colcon_core.environment:checking '/home/michal/ros2_ws/src/install/my_new_package' for CMake module files
[0.440s] Level 1:colcon.colcon_core.environment:checking '/home/michal/ros2_ws/src/install/my_new_package' for CMake config files
[0.440s] Level 1:colcon.colcon_core.shell:create_environment_hook('my_new_package', 'cmake_prefix_path')
[0.441s] INFO:colcon.colcon_core.shell:Creating environment hook '/home/michal/ros2_ws/src/install/my_new_package/share/my_new_package/hook/cmake_prefix_path.ps1'
[0.442s] INFO:colcon.colcon_core.shell:Creating environment descriptor '/home/michal/ros2_ws/src/install/my_new_package/share/my_new_package/hook/cmake_prefix_path.dsv'
[0.442s] INFO:colcon.colcon_core.shell:Creating environment hook '/home/michal/ros2_ws/src/install/my_new_package/share/my_new_package/hook/cmake_prefix_path.sh'
[0.443s] Level 1:colcon.colcon_core.environment:checking '/home/michal/ros2_ws/src/install/my_new_package/bin'
[0.443s] Level 1:colcon.colcon_core.environment:checking '/home/michal/ros2_ws/src/install/my_new_package/lib/pkgconfig/my_new_package.pc'
[0.443s] Level 1:colcon.colcon_core.environment:checking '/home/michal/ros2_ws/src/install/my_new_package/lib/python3.8/site-packages'
[0.443s] Level 1:colcon.colcon_core.environment:checking '/home/michal/ros2_ws/src/install/my_new_package/bin'
[0.444s] INFO:colcon.colcon_core.shell:Creating package script '/home/michal/ros2_ws/src/install/my_new_package/share/my_new_package/package.ps1'
[0.444s] INFO:colcon.colcon_core.shell:Creating package descriptor '/home/michal/ros2_ws/src/install/my_new_package/share/my_new_package/package.dsv'
[0.444s] INFO:colcon.colcon_core.shell:Creating package script '/home/michal/ros2_ws/src/install/my_new_package/share/my_new_package/package.sh'
[0.445s] INFO:colcon.colcon_core.shell:Creating package script '/home/michal/ros2_ws/src/install/my_new_package/share/my_new_package/package.bash'
[0.446s] INFO:colcon.colcon_core.shell:Creating package script '/home/michal/ros2_ws/src/install/my_new_package/share/my_new_package/package.zsh'
[0.446s] Level 1:colcon.colcon_core.environment:create_file_with_runtime_dependencies(/home/michal/ros2_ws/src/install/my_new_package/share/colcon-core/packages/my_new_package)
[0.500s] Level 1:colcon.colcon_core.environment:create_environment_scripts_only(my_new_package)
[0.501s] Level 1:colcon.colcon_core.environment:checking '/home/michal/ros2_ws/src/install/my_new_package' for CMake module files
[0.502s] Level 1:colcon.colcon_core.environment:checking '/home/michal/ros2_ws/src/install/my_new_package' for CMake config files
[0.502s] Level 1:colcon.colcon_core.shell:create_environment_hook('my_new_package', 'cmake_prefix_path')
[0.503s] INFO:colcon.colcon_core.shell:Creating environment hook '/home/michal/ros2_ws/src/install/my_new_package/share/my_new_package/hook/cmake_prefix_path.ps1'
[0.504s] INFO:colcon.colcon_core.shell:Creating environment descriptor '/home/michal/ros2_ws/src/install/my_new_package/share/my_new_package/hook/cmake_prefix_path.dsv'
[0.505s] INFO:colcon.colcon_core.shell:Creating environment hook '/home/michal/ros2_ws/src/install/my_new_package/share/my_new_package/hook/cmake_prefix_path.sh'
[0.506s] Level 1:colcon.colcon_core.environment:checking '/home/michal/ros2_ws/src/install/my_new_package/bin'
[0.507s] Level 1:colcon.colcon_core.environment:checking '/home/michal/ros2_ws/src/install/my_new_package/lib/pkgconfig/my_new_package.pc'
[0.507s] Level 1:colcon.colcon_core.environment:checking '/home/michal/ros2_ws/src/install/my_new_package/lib/python3.8/site-packages'
[0.507s] Level 1:colcon.colcon_core.environment:checking '/home/michal/ros2_ws/src/install/my_new_package/bin'
[0.508s] INFO:colcon.colcon_core.shell:Creating package script '/home/michal/ros2_ws/src/install/my_new_package/share/my_new_package/package.ps1'
[0.508s] INFO:colcon.colcon_core.shell:Creating package descriptor '/home/michal/ros2_ws/src/install/my_new_package/share/my_new_package/package.dsv'
[0.509s] INFO:colcon.colcon_core.shell:Creating package script '/home/michal/ros2_ws/src/install/my_new_package/share/my_new_package/package.sh'
[0.510s] INFO:colcon.colcon_core.shell:Creating package script '/home/michal/ros2_ws/src/install/my_new_package/share/my_new_package/package.bash'
[0.510s] INFO:colcon.colcon_core.shell:Creating package script '/home/michal/ros2_ws/src/install/my_new_package/share/my_new_package/package.zsh'
[0.510s] Level 1:colcon.colcon_core.environment:create_file_with_runtime_dependencies(/home/michal/ros2_ws/src/install/my_new_package/share/colcon-core/packages/my_new_package)
[0.511s] DEBUG:colcon.colcon_parallel_executor.executor.parallel:closing loop
[0.511s] DEBUG:colcon.colcon_parallel_executor.executor.parallel:loop closed
[0.511s] DEBUG:colcon.colcon_parallel_executor.executor.parallel:run_until_complete finished with '0'
[0.512s] DEBUG:colcon.colcon_core.event_reactor:joining thread
[0.519s] INFO:colcon.colcon_core.plugin_system:Skipping extension 'colcon_notification.desktop_notification.terminal_notifier': Not used on non-Darwin systems
[0.519s] INFO:colcon.colcon_core.plugin_system:Skipping extension 'colcon_notification.desktop_notification.win32': Not used on non-Windows systems
[0.519s] INFO:colcon.colcon_notification.desktop_notification:Sending desktop notification using 'notify2'
[0.537s] DEBUG:colcon.colcon_core.event_reactor:joined thread
[0.537s] INFO:colcon.colcon_core.shell:Creating prefix script '/home/michal/ros2_ws/src/install/local_setup.ps1'
[0.539s] INFO:colcon.colcon_core.shell:Creating prefix util module '/home/michal/ros2_ws/src/install/_local_setup_util_ps1.py'
[0.541s] INFO:colcon.colcon_core.shell:Creating prefix chain script '/home/michal/ros2_ws/src/install/setup.ps1'
[0.542s] INFO:colcon.colcon_core.shell:Creating prefix script '/home/michal/ros2_ws/src/install/local_setup.sh'
[0.543s] INFO:colcon.colcon_core.shell:Creating prefix util module '/home/michal/ros2_ws/src/install/_local_setup_util_sh.py'
[0.543s] INFO:colcon.colcon_core.shell:Creating prefix chain script '/home/michal/ros2_ws/src/install/setup.sh'
[0.544s] INFO:colcon.colcon_core.shell:Creating prefix script '/home/michal/ros2_ws/src/install/local_setup.bash'
[0.545s] INFO:colcon.colcon_core.shell:Creating prefix chain script '/home/michal/ros2_ws/src/install/setup.bash'
[0.545s] INFO:colcon.colcon_core.shell:Creating prefix script '/home/michal/ros2_ws/src/install/local_setup.zsh'
[0.546s] INFO:colcon.colcon_core.shell:Creating prefix chain script '/home/michal/ros2_ws/src/install/setup.zsh'
