[2.216s] Invoking command in '/home/michal/ros2_ws/src/mystery': PYTHONPATH=/home/michal/ros2_ws/src/build/mystery/prefix_override:/home/michal/ros2_ws/src/install/mystery/lib/python3.8/site-packages:${PYTHONPATH} /usr/bin/python3 -W ignore:setup.py install is deprecated setup.py egg_info --egg-base ../build/mystery build --build-base /home/michal/ros2_ws/src/build/mystery/build install --record /home/michal/ros2_ws/src/build/mystery/install.log --single-version-externally-managed install_data
[2.728s] running egg_info
[2.728s] creating ../build/mystery/mystery.egg-info
[2.758s] writing ../build/mystery/mystery.egg-info/PKG-INFO
[2.758s] writing dependency_links to ../build/mystery/mystery.egg-info/dependency_links.txt
[2.758s] writing requirements to ../build/mystery/mystery.egg-info/requires.txt
[2.758s] writing top-level names to ../build/mystery/mystery.egg-info/top_level.txt
[2.899s] writing manifest file '../build/mystery/mystery.egg-info/SOURCES.txt'
[2.959s] reading manifest file '../build/mystery/mystery.egg-info/SOURCES.txt'
[2.960s] writing manifest file '../build/mystery/mystery.egg-info/SOURCES.txt'
[2.960s] running build
[2.960s] running build_py
[2.960s] creating /home/michal/ros2_ws/src/build/mystery/build
[2.960s] creating /home/michal/ros2_ws/src/build/mystery/build/lib
[2.960s] creating /home/michal/ros2_ws/src/build/mystery/build/lib/mystery
[2.961s] copying mystery/__init__.py -> /home/michal/ros2_ws/src/build/mystery/build/lib/mystery
[2.961s] running install
[2.967s] running install_lib
[2.999s] creating /home/michal/ros2_ws/src/install/mystery/lib/python3.8/site-packages/mystery
[2.999s] copying /home/michal/ros2_ws/src/build/mystery/build/lib/mystery/__init__.py -> /home/michal/ros2_ws/src/install/mystery/lib/python3.8/site-packages/mystery
[3.001s] byte-compiling /home/michal/ros2_ws/src/install/mystery/lib/python3.8/site-packages/mystery/__init__.py to __init__.cpython-38.pyc
[3.001s] running install_data
[3.001s] creating /home/michal/ros2_ws/src/install/mystery/share/ament_index
[3.001s] creating /home/michal/ros2_ws/src/install/mystery/share/ament_index/resource_index
[3.001s] creating /home/michal/ros2_ws/src/install/mystery/share/ament_index/resource_index/packages
[3.002s] copying resource/mystery -> /home/michal/ros2_ws/src/install/mystery/share/ament_index/resource_index/packages
[3.002s] copying package.xml -> /home/michal/ros2_ws/src/install/mystery/share/mystery
[3.002s] running install_egg_info
[3.048s] Copying ../build/mystery/mystery.egg-info to /home/michal/ros2_ws/src/install/mystery/lib/python3.8/site-packages/mystery-0.0.0-py3.8.egg-info
[3.048s] running install_scripts
[3.141s] writing list of installed files to '/home/michal/ros2_ws/src/build/mystery/install.log'
[3.179s] Invoked command in '/home/michal/ros2_ws/src/mystery' returned '0': PYTHONPATH=/home/michal/ros2_ws/src/build/mystery/prefix_override:/home/michal/ros2_ws/src/install/mystery/lib/python3.8/site-packages:${PYTHONPATH} /usr/bin/python3 -W ignore:setup.py install is deprecated setup.py egg_info --egg-base ../build/mystery build --build-base /home/michal/ros2_ws/src/build/mystery/build install --record /home/michal/ros2_ws/src/build/mystery/install.log --single-version-externally-managed install_data
