[0.980s] Invoking command in '/home/michal/ros2_ws/src/my_package': PYTHONPATH=/home/michal/ros2_ws/src/build/my_package/prefix_override:/home/michal/ros2_ws/src/install/my_package/lib/python3.8/site-packages:${PYTHONPATH} /usr/bin/python3 -W ignore:setup.py install is deprecated setup.py egg_info --egg-base ../build/my_package build --build-base /home/michal/ros2_ws/src/build/my_package/build install --record /home/michal/ros2_ws/src/build/my_package/install.log --single-version-externally-managed install_data
[1.169s] running egg_info
[1.181s] writing ../build/my_package/my_package.egg-info/PKG-INFO
[1.181s] writing dependency_links to ../build/my_package/my_package.egg-info/dependency_links.txt
[1.181s] writing entry points to ../build/my_package/my_package.egg-info/entry_points.txt
[1.181s] writing requirements to ../build/my_package/my_package.egg-info/requires.txt
[1.181s] writing top-level names to ../build/my_package/my_package.egg-info/top_level.txt
[1.286s] reading manifest file '../build/my_package/my_package.egg-info/SOURCES.txt'
[1.287s] writing manifest file '../build/my_package/my_package.egg-info/SOURCES.txt'
[1.287s] running build
[1.287s] running build_py
[1.288s] running install
[1.292s] running install_lib
[1.305s] running install_data
[1.305s] running install_egg_info
[1.320s] removing '/home/michal/ros2_ws/src/install/my_package/lib/python3.8/site-packages/my_package-0.0.0-py3.8.egg-info' (and everything under it)
[1.320s] Copying ../build/my_package/my_package.egg-info to /home/michal/ros2_ws/src/install/my_package/lib/python3.8/site-packages/my_package-0.0.0-py3.8.egg-info
[1.321s] running install_scripts
[1.367s] Installing my_node script to /home/michal/ros2_ws/src/install/my_package/lib/my_package
[1.367s] writing list of installed files to '/home/michal/ros2_ws/src/build/my_package/install.log'
[1.415s] Invoked command in '/home/michal/ros2_ws/src/my_package' returned '0': PYTHONPATH=/home/michal/ros2_ws/src/build/my_package/prefix_override:/home/michal/ros2_ws/src/install/my_package/lib/python3.8/site-packages:${PYTHONPATH} /usr/bin/python3 -W ignore:setup.py install is deprecated setup.py egg_info --egg-base ../build/my_package build --build-base /home/michal/ros2_ws/src/build/my_package/build install --record /home/michal/ros2_ws/src/build/my_package/install.log --single-version-externally-managed install_data
