[1.565s] Invoking command in '/home/michal/ros2_ws/src/py_pubsub': PYTHONPATH=/home/michal/ros2_ws/src/build/py_pubsub/prefix_override:/home/michal/ros2_ws/src/install/py_pubsub/lib/python3.8/site-packages:${PYTHONPATH} /usr/bin/python3 -W ignore:setup.py install is deprecated setup.py egg_info --egg-base ../build/py_pubsub build --build-base /home/michal/ros2_ws/src/build/py_pubsub/build install --record /home/michal/ros2_ws/src/build/py_pubsub/install.log --single-version-externally-managed install_data
[2.106s] running egg_info
[2.106s] creating ../build/py_pubsub/py_pubsub.egg-info
[2.139s] writing ../build/py_pubsub/py_pubsub.egg-info/PKG-INFO
[2.139s] writing dependency_links to ../build/py_pubsub/py_pubsub.egg-info/dependency_links.txt
[2.139s] writing requirements to ../build/py_pubsub/py_pubsub.egg-info/requires.txt
[2.139s] writing top-level names to ../build/py_pubsub/py_pubsub.egg-info/top_level.txt
[2.278s] writing manifest file '../build/py_pubsub/py_pubsub.egg-info/SOURCES.txt'
[2.342s] reading manifest file '../build/py_pubsub/py_pubsub.egg-info/SOURCES.txt'
[2.342s] writing manifest file '../build/py_pubsub/py_pubsub.egg-info/SOURCES.txt'
[2.342s] running build
[2.342s] running build_py
[2.342s] creating /home/michal/ros2_ws/src/build/py_pubsub/build
[2.342s] creating /home/michal/ros2_ws/src/build/py_pubsub/build/lib
[2.343s] creating /home/michal/ros2_ws/src/build/py_pubsub/build/lib/py_pubsub
[2.343s] copying py_pubsub/__init__.py -> /home/michal/ros2_ws/src/build/py_pubsub/build/lib/py_pubsub
[2.343s] running install
[2.348s] running install_lib
[2.379s] creating /home/michal/ros2_ws/src/install/py_pubsub/lib/python3.8/site-packages/py_pubsub
[2.380s] copying /home/michal/ros2_ws/src/build/py_pubsub/build/lib/py_pubsub/__init__.py -> /home/michal/ros2_ws/src/install/py_pubsub/lib/python3.8/site-packages/py_pubsub
[2.383s] byte-compiling /home/michal/ros2_ws/src/install/py_pubsub/lib/python3.8/site-packages/py_pubsub/__init__.py to __init__.cpython-38.pyc
[2.383s] running install_data
[2.383s] creating /home/michal/ros2_ws/src/install/py_pubsub/share/ament_index
[2.383s] creating /home/michal/ros2_ws/src/install/py_pubsub/share/ament_index/resource_index
[2.384s] creating /home/michal/ros2_ws/src/install/py_pubsub/share/ament_index/resource_index/packages
[2.384s] copying resource/py_pubsub -> /home/michal/ros2_ws/src/install/py_pubsub/share/ament_index/resource_index/packages
[2.384s] copying package.xml -> /home/michal/ros2_ws/src/install/py_pubsub/share/py_pubsub
[2.384s] running install_egg_info
[2.433s] Copying ../build/py_pubsub/py_pubsub.egg-info to /home/michal/ros2_ws/src/install/py_pubsub/lib/python3.8/site-packages/py_pubsub-0.0.0-py3.8.egg-info
[2.434s] running install_scripts
[2.518s] writing list of installed files to '/home/michal/ros2_ws/src/build/py_pubsub/install.log'
[2.545s] Invoked command in '/home/michal/ros2_ws/src/py_pubsub' returned '0': PYTHONPATH=/home/michal/ros2_ws/src/build/py_pubsub/prefix_override:/home/michal/ros2_ws/src/install/py_pubsub/lib/python3.8/site-packages:${PYTHONPATH} /usr/bin/python3 -W ignore:setup.py install is deprecated setup.py egg_info --egg-base ../build/py_pubsub build --build-base /home/michal/ros2_ws/src/build/py_pubsub/build install --record /home/michal/ros2_ws/src/build/py_pubsub/install.log --single-version-externally-managed install_data
