[0.322s] DEBUG:colcon:Command line arguments: ['/usr/bin/colcon', 'build']
[0.323s] DEBUG:colcon:Parsed command line arguments: Namespace(allow_overriding=[], ament_cmake_args=None, base_paths=['.'], build_base='build', catkin_cmake_args=None, catkin_skip_building_tests=False, cmake_args=None, cmake_clean_cache=False, cmake_clean_first=False, cmake_force_configure=False, cmake_target=None, cmake_target_skip_unavailable=False, continue_on_error=False, event_handlers=None, executor='parallel', ignore_user_meta=False, install_base='install', log_base=None, log_level=None, main=<bound method BuildVerb.main of <colcon_core.verb.build.BuildVerb object at 0x7efc967a60d0>>, merge_install=False, metas=['./colcon.meta'], packages_above=None, packages_above_and_dependencies=None, packages_above_depth=None, packages_end=None, packages_ignore=None, packages_ignore_regex=None, packages_select=None, packages_select_build_failed=False, packages_select_by_dep=None, packages_select_regex=None, packages_select_test_failures=False, packages_skip=None, packages_skip_build_finished=False, packages_skip_by_dep=None, packages_skip_regex=None, packages_skip_test_passed=False, packages_skip_up_to=None, packages_start=None, packages_up_to=None, packages_up_to_regex=None, parallel_workers=12, paths=None, symlink_install=False, test_result_base=None, verb_extension=<colcon_core.verb.build.BuildVerb object at 0x7efc967a60d0>, verb_name='build', verb_parser=<colcon_defaults.argument_parser.defaults.DefaultArgumentsDecorator object at 0x7efc967a6d30>)
[0.379s] Level 1:colcon.colcon_core.package_discovery:discover_packages(colcon_meta) check parameters
[0.379s] Level 1:colcon.colcon_core.package_discovery:discover_packages(recursive) check parameters
[0.379s] Level 1:colcon.colcon_core.package_discovery:discover_packages(ignore) check parameters
[0.379s] Level 1:colcon.colcon_core.package_discovery:discover_packages(path) check parameters
[0.379s] Level 1:colcon.colcon_core.package_discovery:discover_packages(colcon_meta) discover
[0.380s] Level 1:colcon.colcon_core.package_discovery:discover_packages(recursive) discover
[0.380s] INFO:colcon.colcon_core.package_discovery:Crawling recursively for packages in '/home/michal/ros2_ws/src'
[0.380s] Level 1:colcon.colcon_core.package_identification:_identify(.) by extensions ['ignore', 'ignore_ament_install']
[0.380s] Level 1:colcon.colcon_core.package_identification:_identify(.) by extension 'ignore'
[0.380s] Level 1:colcon.colcon_core.package_identification:_identify(.) by extension 'ignore_ament_install'
[0.380s] Level 1:colcon.colcon_core.package_identification:_identify(.) by extensions ['colcon_pkg']
[0.380s] Level 1:colcon.colcon_core.package_identification:_identify(.) by extension 'colcon_pkg'
[0.380s] Level 1:colcon.colcon_core.package_identification:_identify(.) by extensions ['colcon_meta']
[0.380s] Level 1:colcon.colcon_core.package_identification:_identify(.) by extension 'colcon_meta'
[0.380s] Level 1:colcon.colcon_core.package_identification:_identify(.) by extensions ['ros']
[0.380s] Level 1:colcon.colcon_core.package_identification:_identify(.) by extension 'ros'
[0.401s] Level 1:colcon.colcon_core.package_identification:_identify(.) by extensions ['cmake', 'python']
[0.401s] Level 1:colcon.colcon_core.package_identification:_identify(.) by extension 'cmake'
[0.401s] Level 1:colcon.colcon_core.package_identification:_identify(.) by extension 'python'
[0.401s] Level 1:colcon.colcon_core.package_identification:_identify(.) by extensions ['python_setup_py']
[0.401s] Level 1:colcon.colcon_core.package_identification:_identify(.) by extension 'python_setup_py'
[0.401s] Level 1:colcon.colcon_core.package_identification:_identify(build) by extensions ['ignore', 'ignore_ament_install']
[0.402s] Level 1:colcon.colcon_core.package_identification:_identify(build) by extension 'ignore'
[0.402s] Level 1:colcon.colcon_core.package_identification:_identify(build) ignored
[0.402s] Level 1:colcon.colcon_core.package_identification:_identify(install) by extensions ['ignore', 'ignore_ament_install']
[0.402s] Level 1:colcon.colcon_core.package_identification:_identify(install) by extension 'ignore'
[0.402s] Level 1:colcon.colcon_core.package_identification:_identify(install) ignored
[0.402s] Level 1:colcon.colcon_core.package_identification:_identify(log) by extensions ['ignore', 'ignore_ament_install']
[0.402s] Level 1:colcon.colcon_core.package_identification:_identify(log) by extension 'ignore'
[0.402s] Level 1:colcon.colcon_core.package_identification:_identify(log) ignored
[0.402s] Level 1:colcon.colcon_core.package_identification:_identify(my_new_package) by extensions ['ignore', 'ignore_ament_install']
[0.402s] Level 1:colcon.colcon_core.package_identification:_identify(my_new_package) by extension 'ignore'
[0.402s] Level 1:colcon.colcon_core.package_identification:_identify(my_new_package) by extension 'ignore_ament_install'
[0.402s] Level 1:colcon.colcon_core.package_identification:_identify(my_new_package) by extensions ['colcon_pkg']
[0.402s] Level 1:colcon.colcon_core.package_identification:_identify(my_new_package) by extension 'colcon_pkg'
[0.402s] Level 1:colcon.colcon_core.package_identification:_identify(my_new_package) by extensions ['colcon_meta']
[0.402s] Level 1:colcon.colcon_core.package_identification:_identify(my_new_package) by extension 'colcon_meta'
[0.402s] Level 1:colcon.colcon_core.package_identification:_identify(my_new_package) by extensions ['ros']
[0.402s] Level 1:colcon.colcon_core.package_identification:_identify(my_new_package) by extension 'ros'
[0.404s] DEBUG:colcon.colcon_core.package_identification:Package 'my_new_package' with type 'ros.ament_cmake' and name 'my_new_package'
[0.404s] Level 1:colcon.colcon_core.package_discovery:discover_packages(recursive) using defaults
[0.404s] Level 1:colcon.colcon_core.package_discovery:discover_packages(ignore) discover
[0.404s] Level 1:colcon.colcon_core.package_discovery:discover_packages(ignore) using defaults
[0.404s] Level 1:colcon.colcon_core.package_discovery:discover_packages(path) discover
[0.404s] Level 1:colcon.colcon_core.package_discovery:discover_packages(path) using defaults
[0.452s] Level 1:colcon.colcon_core.package_discovery:discover_packages(prefix_path) check parameters
[0.452s] Level 1:colcon.colcon_core.package_discovery:discover_packages(prefix_path) discover
[0.462s] DEBUG:colcon.colcon_installed_package_information.package_discovery:Found 0 installed packages in /home/michal/ros2_ws/install
[0.468s] DEBUG:colcon.colcon_installed_package_information.package_discovery:Found 345 installed packages in /home/michal/ros2_humble/install
[0.470s] Level 1:colcon.colcon_core.package_discovery:discover_packages(prefix_path) using defaults
[0.492s] Level 5:colcon.colcon_core.verb:set package 'my_new_package' build argument 'cmake_args' from command line to 'None'
[0.492s] Level 5:colcon.colcon_core.verb:set package 'my_new_package' build argument 'cmake_target' from command line to 'None'
[0.492s] Level 5:colcon.colcon_core.verb:set package 'my_new_package' build argument 'cmake_target_skip_unavailable' from command line to 'False'
[0.492s] Level 5:colcon.colcon_core.verb:set package 'my_new_package' build argument 'cmake_clean_cache' from command line to 'False'
[0.492s] Level 5:colcon.colcon_core.verb:set package 'my_new_package' build argument 'cmake_clean_first' from command line to 'False'
[0.492s] Level 5:colcon.colcon_core.verb:set package 'my_new_package' build argument 'cmake_force_configure' from command line to 'False'
[0.492s] Level 5:colcon.colcon_core.verb:set package 'my_new_package' build argument 'ament_cmake_args' from command line to 'None'
[0.492s] Level 5:colcon.colcon_core.verb:set package 'my_new_package' build argument 'catkin_cmake_args' from command line to 'None'
[0.492s] Level 5:colcon.colcon_core.verb:set package 'my_new_package' build argument 'catkin_skip_building_tests' from command line to 'False'
[0.492s] DEBUG:colcon.colcon_core.verb:Building package 'my_new_package' with the following arguments: {'ament_cmake_args': None, 'build_base': '/home/michal/ros2_ws/src/build/my_new_package', 'catkin_cmake_args': None, 'catkin_skip_building_tests': False, 'cmake_args': None, 'cmake_clean_cache': False, 'cmake_clean_first': False, 'cmake_force_configure': False, 'cmake_target': None, 'cmake_target_skip_unavailable': False, 'install_base': '/home/michal/ros2_ws/src/install/my_new_package', 'merge_install': False, 'path': '/home/michal/ros2_ws/src/my_new_package', 'symlink_install': False, 'test_result_base': None}
[0.492s] INFO:colcon.colcon_core.executor:Executing jobs using 'parallel' executor
[0.493s] DEBUG:colcon.colcon_parallel_executor.executor.parallel:run_until_complete
[0.494s] INFO:colcon.colcon_ros.task.ament_cmake.build:Building ROS package in '/home/michal/ros2_ws/src/my_new_package' with build type 'ament_cmake'
[0.494s] INFO:colcon.colcon_cmake.task.cmake.build:Building CMake package in '/home/michal/ros2_ws/src/my_new_package'
[0.498s] INFO:colcon.colcon_core.plugin_system:Skipping extension 'colcon_core.shell.bat': Not used on non-Windows systems
[0.498s] INFO:colcon.colcon_core.shell:Skip shell extension 'powershell' for command environment: Not usable outside of PowerShell
[0.498s] DEBUG:colcon.colcon_core.shell:Skip shell extension 'dsv' for command environment
[0.536s] DEBUG:colcon.colcon_core.event_handler.log_command:Invoking command in '/home/michal/ros2_ws/src/build/my_new_package': CMAKE_PREFIX_PATH=${CMAKE_PREFIX_PATH}:/home/michal/ros2_humble/install/rqt_bag_plugins:/home/michal/ros2_humble/install/rqt_bag:/home/michal/ros2_humble/install/ros2bag:/home/michal/ros2_humble/install/tracetools_test:/home/michal/ros2_humble/install/tracetools_launch:/home/michal/ros2_humble/install/topic_monitor:/home/michal/ros2_humble/install/tf2_tools:/home/michal/ros2_humble/install/examples_tf2_py:/home/michal/ros2_humble/install/tf2_ros_py:/home/michal/ros2_humble/install/sros2:/home/michal/ros2_humble/install/rqt_topic:/home/michal/ros2_humble/install/rqt_srv:/home/michal/ros2_humble/install/rqt_shell:/home/michal/ros2_humble/install/rqt_service_caller:/home/michal/ros2_humble/install/rqt_reconfigure:/home/michal/ros2_humble/install/rqt_py_console:/home/michal/ros2_humble/install/rqt_publisher:/home/michal/ros2_humble/install/rqt_plot:/home/michal/ros2_humble/install/rqt_action:/home/michal/ros2_humble/install/rqt_msg:/home/michal/ros2_humble/install/rqt_console:/home/michal/ros2_humble/install/rqt:/home/michal/ros2_humble/install/rqt_graph:/home/michal/ros2_humble/install/rqt_gui_py:/home/michal/ros2_humble/install/rqt_gui:/home/michal/ros2_humble/install/ros2trace:/home/michal/ros2_humble/install/ros2topic:/home/michal/ros2_humble/install/ros2test:/home/michal/ros2_humble/install/ros2component:/home/michal/ros2_humble/install/ros2param:/home/michal/ros2_humble/install/ros2lifecycle:/home/michal/ros2_humble/install/ros2service:/home/michal/ros2_humble/install/ros2run:/home/michal/ros2_humble/install/ros2launch:/home/michal/ros2_humble/install/ros2pkg:/home/michal/ros2_humble/install/ros2node:/home/michal/ros2_humble/install/ros2multicast:/home/michal/ros2_humble/install/ros2interface:/home/michal/ros2_humble/install/ros2doctor:/home/michal/ros2_humble/install/ros2action:/home/michal/ros2_humble/install/ros2cli:/home/michal/ros2_humble/install/quality_of_service_demo_py:/home/michal/ros2_humble/install/lifecycle_py:/home/michal/ros2_humble/install/launch_testing_ros:/home/michal/ros2_humble/install/launch_ros:/home/michal/ros2_humble/install/examples_rclpy_pointcloud_publisher:/home/michal/ros2_humble/install/examples_rclpy_minimal_subscriber:/home/michal/ros2_humble/install/examples_rclpy_minimal_service:/home/michal/ros2_humble/install/examples_rclpy_minimal_publisher:/home/michal/ros2_humble/install/examples_rclpy_minimal_client:/home/michal/ros2_humble/install/examples_rclpy_minimal_action_server:/home/michal/ros2_humble/install/examples_rclpy_minimal_action_client:/home/michal/ros2_humble/install/examples_rclpy_guard_conditions:/home/michal/ros2_humble/install/examples_rclpy_executors:/home/michal/ros2_humble/install/demo_nodes_py:/home/michal/ros2_humble/install/action_tutorials_py:/home/michal/ros2_humble/install/ament_uncrustify:/home/michal/ros2_humble/install/tracetools_trace:/home/michal/ros2_humble/install/tracetools_read:/home/michal/ros2_humble/install/test_tracetools_launch:/home/michal/ros2_humble/install/test_launch_ros:/home/michal/ros2_humble/install/sensor_msgs_py:/home/michal/ros2_humble/install/rpyutils:/home/michal/ros2_humble/install/rosidl_runtime_py:/home/michal/ros2_humble/install/rosidl_cli:/home/michal/ros2_humble/install/launch_pytest:/home/michal/ros2_humble/install/launch_testing:/home/michal/ros2_humble/install/launch_yaml:/home/michal/ros2_humble/install/launch_xml:/home/michal/ros2_humble/install/launch:/home/michal/ros2_humble/install/osrf_pycommon:/home/michal/ros2_humble/install/launch_testing_examples:/home/michal/ros2_humble/install/domain_coordinator:/home/michal/ros2_humble/install/ament_xmllint:/home/michal/ros2_humble/install/ament_pyflakes:/home/michal/ros2_humble/install/ament_pycodestyle:/home/michal/ros2_humble/install/ament_pep257:/home/michal/ros2_humble/install/ament_pclint:/home/michal/ros2_humble/install/ament_package:/home/michal/ros2_humble/install/ament_mypy:/home/michal/ros2_humble/install/ament_lint_cmake:/home/michal/ros2_humble/install/ament_flake8:/home/michal/ros2_humble/install/ament_copyright:/home/michal/ros2_humble/install/ament_lint:/home/michal/ros2_humble/install/ament_index_python:/home/michal/ros2_humble/install/ament_cpplint:/home/michal/ros2_humble/install/ament_cppcheck:/home/michal/ros2_humble/install/ament_clang_tidy:/home/michal/ros2_humble/install/ament_clang_format /home/michal/.local/bin/cmake --build /home/michal/ros2_ws/src/build/my_new_package -- -j12 -l12
[0.678s] DEBUG:colcon.colcon_core.event_handler.log_command:Invoked command in '/home/michal/ros2_ws/src/build/my_new_package' returned '0': CMAKE_PREFIX_PATH=${CMAKE_PREFIX_PATH}:/home/michal/ros2_humble/install/rqt_bag_plugins:/home/michal/ros2_humble/install/rqt_bag:/home/michal/ros2_humble/install/ros2bag:/home/michal/ros2_humble/install/tracetools_test:/home/michal/ros2_humble/install/tracetools_launch:/home/michal/ros2_humble/install/topic_monitor:/home/michal/ros2_humble/install/tf2_tools:/home/michal/ros2_humble/install/examples_tf2_py:/home/michal/ros2_humble/install/tf2_ros_py:/home/michal/ros2_humble/install/sros2:/home/michal/ros2_humble/install/rqt_topic:/home/michal/ros2_humble/install/rqt_srv:/home/michal/ros2_humble/install/rqt_shell:/home/michal/ros2_humble/install/rqt_service_caller:/home/michal/ros2_humble/install/rqt_reconfigure:/home/michal/ros2_humble/install/rqt_py_console:/home/michal/ros2_humble/install/rqt_publisher:/home/michal/ros2_humble/install/rqt_plot:/home/michal/ros2_humble/install/rqt_action:/home/michal/ros2_humble/install/rqt_msg:/home/michal/ros2_humble/install/rqt_console:/home/michal/ros2_humble/install/rqt:/home/michal/ros2_humble/install/rqt_graph:/home/michal/ros2_humble/install/rqt_gui_py:/home/michal/ros2_humble/install/rqt_gui:/home/michal/ros2_humble/install/ros2trace:/home/michal/ros2_humble/install/ros2topic:/home/michal/ros2_humble/install/ros2test:/home/michal/ros2_humble/install/ros2component:/home/michal/ros2_humble/install/ros2param:/home/michal/ros2_humble/install/ros2lifecycle:/home/michal/ros2_humble/install/ros2service:/home/michal/ros2_humble/install/ros2run:/home/michal/ros2_humble/install/ros2launch:/home/michal/ros2_humble/install/ros2pkg:/home/michal/ros2_humble/install/ros2node:/home/michal/ros2_humble/install/ros2multicast:/home/michal/ros2_humble/install/ros2interface:/home/michal/ros2_humble/install/ros2doctor:/home/michal/ros2_humble/install/ros2action:/home/michal/ros2_humble/install/ros2cli:/home/michal/ros2_humble/install/quality_of_service_demo_py:/home/michal/ros2_humble/install/lifecycle_py:/home/michal/ros2_humble/install/launch_testing_ros:/home/michal/ros2_humble/install/launch_ros:/home/michal/ros2_humble/install/examples_rclpy_pointcloud_publisher:/home/michal/ros2_humble/install/examples_rclpy_minimal_subscriber:/home/michal/ros2_humble/install/examples_rclpy_minimal_service:/home/michal/ros2_humble/install/examples_rclpy_minimal_publisher:/home/michal/ros2_humble/install/examples_rclpy_minimal_client:/home/michal/ros2_humble/install/examples_rclpy_minimal_action_server:/home/michal/ros2_humble/install/examples_rclpy_minimal_action_client:/home/michal/ros2_humble/install/examples_rclpy_guard_conditions:/home/michal/ros2_humble/install/examples_rclpy_executors:/home/michal/ros2_humble/install/demo_nodes_py:/home/michal/ros2_humble/install/action_tutorials_py:/home/michal/ros2_humble/install/ament_uncrustify:/home/michal/ros2_humble/install/tracetools_trace:/home/michal/ros2_humble/install/tracetools_read:/home/michal/ros2_humble/install/test_tracetools_launch:/home/michal/ros2_humble/install/test_launch_ros:/home/michal/ros2_humble/install/sensor_msgs_py:/home/michal/ros2_humble/install/rpyutils:/home/michal/ros2_humble/install/rosidl_runtime_py:/home/michal/ros2_humble/install/rosidl_cli:/home/michal/ros2_humble/install/launch_pytest:/home/michal/ros2_humble/install/launch_testing:/home/michal/ros2_humble/install/launch_yaml:/home/michal/ros2_humble/install/launch_xml:/home/michal/ros2_humble/install/launch:/home/michal/ros2_humble/install/osrf_pycommon:/home/michal/ros2_humble/install/launch_testing_examples:/home/michal/ros2_humble/install/domain_coordinator:/home/michal/ros2_humble/install/ament_xmllint:/home/michal/ros2_humble/install/ament_pyflakes:/home/michal/ros2_humble/install/ament_pycodestyle:/home/michal/ros2_humble/install/ament_pep257:/home/michal/ros2_humble/install/ament_pclint:/home/michal/ros2_humble/install/ament_package:/home/michal/ros2_humble/install/ament_mypy:/home/michal/ros2_humble/install/ament_lint_cmake:/home/michal/ros2_humble/install/ament_flake8:/home/michal/ros2_humble/install/ament_copyright:/home/michal/ros2_humble/install/ament_lint:/home/michal/ros2_humble/install/ament_index_python:/home/michal/ros2_humble/install/ament_cpplint:/home/michal/ros2_humble/install/ament_cppcheck:/home/michal/ros2_humble/install/ament_clang_tidy:/home/michal/ros2_humble/install/ament_clang_format /home/michal/.local/bin/cmake --build /home/michal/ros2_ws/src/build/my_new_package -- -j12 -l12
[0.958s] DEBUG:colcon.colcon_core.event_handler.log_command:Invoking command in '/home/michal/ros2_ws/src/build/my_new_package': CMAKE_PREFIX_PATH=${CMAKE_PREFIX_PATH}:/home/michal/ros2_humble/install/rqt_bag_plugins:/home/michal/ros2_humble/install/rqt_bag:/home/michal/ros2_humble/install/ros2bag:/home/michal/ros2_humble/install/tracetools_test:/home/michal/ros2_humble/install/tracetools_launch:/home/michal/ros2_humble/install/topic_monitor:/home/michal/ros2_humble/install/tf2_tools:/home/michal/ros2_humble/install/examples_tf2_py:/home/michal/ros2_humble/install/tf2_ros_py:/home/michal/ros2_humble/install/sros2:/home/michal/ros2_humble/install/rqt_topic:/home/michal/ros2_humble/install/rqt_srv:/home/michal/ros2_humble/install/rqt_shell:/home/michal/ros2_humble/install/rqt_service_caller:/home/michal/ros2_humble/install/rqt_reconfigure:/home/michal/ros2_humble/install/rqt_py_console:/home/michal/ros2_humble/install/rqt_publisher:/home/michal/ros2_humble/install/rqt_plot:/home/michal/ros2_humble/install/rqt_action:/home/michal/ros2_humble/install/rqt_msg:/home/michal/ros2_humble/install/rqt_console:/home/michal/ros2_humble/install/rqt:/home/michal/ros2_humble/install/rqt_graph:/home/michal/ros2_humble/install/rqt_gui_py:/home/michal/ros2_humble/install/rqt_gui:/home/michal/ros2_humble/install/ros2trace:/home/michal/ros2_humble/install/ros2topic:/home/michal/ros2_humble/install/ros2test:/home/michal/ros2_humble/install/ros2component:/home/michal/ros2_humble/install/ros2param:/home/michal/ros2_humble/install/ros2lifecycle:/home/michal/ros2_humble/install/ros2service:/home/michal/ros2_humble/install/ros2run:/home/michal/ros2_humble/install/ros2launch:/home/michal/ros2_humble/install/ros2pkg:/home/michal/ros2_humble/install/ros2node:/home/michal/ros2_humble/install/ros2multicast:/home/michal/ros2_humble/install/ros2interface:/home/michal/ros2_humble/install/ros2doctor:/home/michal/ros2_humble/install/ros2action:/home/michal/ros2_humble/install/ros2cli:/home/michal/ros2_humble/install/quality_of_service_demo_py:/home/michal/ros2_humble/install/lifecycle_py:/home/michal/ros2_humble/install/launch_testing_ros:/home/michal/ros2_humble/install/launch_ros:/home/michal/ros2_humble/install/examples_rclpy_pointcloud_publisher:/home/michal/ros2_humble/install/examples_rclpy_minimal_subscriber:/home/michal/ros2_humble/install/examples_rclpy_minimal_service:/home/michal/ros2_humble/install/examples_rclpy_minimal_publisher:/home/michal/ros2_humble/install/examples_rclpy_minimal_client:/home/michal/ros2_humble/install/examples_rclpy_minimal_action_server:/home/michal/ros2_humble/install/examples_rclpy_minimal_action_client:/home/michal/ros2_humble/install/examples_rclpy_guard_conditions:/home/michal/ros2_humble/install/examples_rclpy_executors:/home/michal/ros2_humble/install/demo_nodes_py:/home/michal/ros2_humble/install/action_tutorials_py:/home/michal/ros2_humble/install/ament_uncrustify:/home/michal/ros2_humble/install/tracetools_trace:/home/michal/ros2_humble/install/tracetools_read:/home/michal/ros2_humble/install/test_tracetools_launch:/home/michal/ros2_humble/install/test_launch_ros:/home/michal/ros2_humble/install/sensor_msgs_py:/home/michal/ros2_humble/install/rpyutils:/home/michal/ros2_humble/install/rosidl_runtime_py:/home/michal/ros2_humble/install/rosidl_cli:/home/michal/ros2_humble/install/launch_pytest:/home/michal/ros2_humble/install/launch_testing:/home/michal/ros2_humble/install/launch_yaml:/home/michal/ros2_humble/install/launch_xml:/home/michal/ros2_humble/install/launch:/home/michal/ros2_humble/install/osrf_pycommon:/home/michal/ros2_humble/install/launch_testing_examples:/home/michal/ros2_humble/install/domain_coordinator:/home/michal/ros2_humble/install/ament_xmllint:/home/michal/ros2_humble/install/ament_pyflakes:/home/michal/ros2_humble/install/ament_pycodestyle:/home/michal/ros2_humble/install/ament_pep257:/home/michal/ros2_humble/install/ament_pclint:/home/michal/ros2_humble/install/ament_package:/home/michal/ros2_humble/install/ament_mypy:/home/michal/ros2_humble/install/ament_lint_cmake:/home/michal/ros2_humble/install/ament_flake8:/home/michal/ros2_humble/install/ament_copyright:/home/michal/ros2_humble/install/ament_lint:/home/michal/ros2_humble/install/ament_index_python:/home/michal/ros2_humble/install/ament_cpplint:/home/michal/ros2_humble/install/ament_cppcheck:/home/michal/ros2_humble/install/ament_clang_tidy:/home/michal/ros2_humble/install/ament_clang_format /home/michal/.local/bin/cmake --install /home/michal/ros2_ws/src/build/my_new_package
[1.060s] Level 1:colcon.colcon_core.environment:create_environment_scripts_only(my_new_package)
[1.062s] DEBUG:colcon.colcon_core.event_handler.log_command:Invoked command in '/home/michal/ros2_ws/src/build/my_new_package' returned '0': CMAKE_PREFIX_PATH=${CMAKE_PREFIX_PATH}:/home/michal/ros2_humble/install/rqt_bag_plugins:/home/michal/ros2_humble/install/rqt_bag:/home/michal/ros2_humble/install/ros2bag:/home/michal/ros2_humble/install/tracetools_test:/home/michal/ros2_humble/install/tracetools_launch:/home/michal/ros2_humble/install/topic_monitor:/home/michal/ros2_humble/install/tf2_tools:/home/michal/ros2_humble/install/examples_tf2_py:/home/michal/ros2_humble/install/tf2_ros_py:/home/michal/ros2_humble/install/sros2:/home/michal/ros2_humble/install/rqt_topic:/home/michal/ros2_humble/install/rqt_srv:/home/michal/ros2_humble/install/rqt_shell:/home/michal/ros2_humble/install/rqt_service_caller:/home/michal/ros2_humble/install/rqt_reconfigure:/home/michal/ros2_humble/install/rqt_py_console:/home/michal/ros2_humble/install/rqt_publisher:/home/michal/ros2_humble/install/rqt_plot:/home/michal/ros2_humble/install/rqt_action:/home/michal/ros2_humble/install/rqt_msg:/home/michal/ros2_humble/install/rqt_console:/home/michal/ros2_humble/install/rqt:/home/michal/ros2_humble/install/rqt_graph:/home/michal/ros2_humble/install/rqt_gui_py:/home/michal/ros2_humble/install/rqt_gui:/home/michal/ros2_humble/install/ros2trace:/home/michal/ros2_humble/install/ros2topic:/home/michal/ros2_humble/install/ros2test:/home/michal/ros2_humble/install/ros2component:/home/michal/ros2_humble/install/ros2param:/home/michal/ros2_humble/install/ros2lifecycle:/home/michal/ros2_humble/install/ros2service:/home/michal/ros2_humble/install/ros2run:/home/michal/ros2_humble/install/ros2launch:/home/michal/ros2_humble/install/ros2pkg:/home/michal/ros2_humble/install/ros2node:/home/michal/ros2_humble/install/ros2multicast:/home/michal/ros2_humble/install/ros2interface:/home/michal/ros2_humble/install/ros2doctor:/home/michal/ros2_humble/install/ros2action:/home/michal/ros2_humble/install/ros2cli:/home/michal/ros2_humble/install/quality_of_service_demo_py:/home/michal/ros2_humble/install/lifecycle_py:/home/michal/ros2_humble/install/launch_testing_ros:/home/michal/ros2_humble/install/launch_ros:/home/michal/ros2_humble/install/examples_rclpy_pointcloud_publisher:/home/michal/ros2_humble/install/examples_rclpy_minimal_subscriber:/home/michal/ros2_humble/install/examples_rclpy_minimal_service:/home/michal/ros2_humble/install/examples_rclpy_minimal_publisher:/home/michal/ros2_humble/install/examples_rclpy_minimal_client:/home/michal/ros2_humble/install/examples_rclpy_minimal_action_server:/home/michal/ros2_humble/install/examples_rclpy_minimal_action_client:/home/michal/ros2_humble/install/examples_rclpy_guard_conditions:/home/michal/ros2_humble/install/examples_rclpy_executors:/home/michal/ros2_humble/install/demo_nodes_py:/home/michal/ros2_humble/install/action_tutorials_py:/home/michal/ros2_humble/install/ament_uncrustify:/home/michal/ros2_humble/install/tracetools_trace:/home/michal/ros2_humble/install/tracetools_read:/home/michal/ros2_humble/install/test_tracetools_launch:/home/michal/ros2_humble/install/test_launch_ros:/home/michal/ros2_humble/install/sensor_msgs_py:/home/michal/ros2_humble/install/rpyutils:/home/michal/ros2_humble/install/rosidl_runtime_py:/home/michal/ros2_humble/install/rosidl_cli:/home/michal/ros2_humble/install/launch_pytest:/home/michal/ros2_humble/install/launch_testing:/home/michal/ros2_humble/install/launch_yaml:/home/michal/ros2_humble/install/launch_xml:/home/michal/ros2_humble/install/launch:/home/michal/ros2_humble/install/osrf_pycommon:/home/michal/ros2_humble/install/launch_testing_examples:/home/michal/ros2_humble/install/domain_coordinator:/home/michal/ros2_humble/install/ament_xmllint:/home/michal/ros2_humble/install/ament_pyflakes:/home/michal/ros2_humble/install/ament_pycodestyle:/home/michal/ros2_humble/install/ament_pep257:/home/michal/ros2_humble/install/ament_pclint:/home/michal/ros2_humble/install/ament_package:/home/michal/ros2_humble/install/ament_mypy:/home/michal/ros2_humble/install/ament_lint_cmake:/home/michal/ros2_humble/install/ament_flake8:/home/michal/ros2_humble/install/ament_copyright:/home/michal/ros2_humble/install/ament_lint:/home/michal/ros2_humble/install/ament_index_python:/home/michal/ros2_humble/install/ament_cpplint:/home/michal/ros2_humble/install/ament_cppcheck:/home/michal/ros2_humble/install/ament_clang_tidy:/home/michal/ros2_humble/install/ament_clang_format /home/michal/.local/bin/cmake --install /home/michal/ros2_ws/src/build/my_new_package
[1.071s] Level 1:colcon.colcon_core.environment:checking '/home/michal/ros2_ws/src/install/my_new_package' for CMake module files
[1.072s] Level 1:colcon.colcon_core.environment:checking '/home/michal/ros2_ws/src/install/my_new_package' for CMake config files
[1.072s] Level 1:colcon.colcon_core.shell:create_environment_hook('my_new_package', 'cmake_prefix_path')
[1.072s] INFO:colcon.colcon_core.shell:Creating environment hook '/home/michal/ros2_ws/src/install/my_new_package/share/my_new_package/hook/cmake_prefix_path.ps1'
[1.073s] INFO:colcon.colcon_core.shell:Creating environment descriptor '/home/michal/ros2_ws/src/install/my_new_package/share/my_new_package/hook/cmake_prefix_path.dsv'
[1.073s] INFO:colcon.colcon_core.shell:Creating environment hook '/home/michal/ros2_ws/src/install/my_new_package/share/my_new_package/hook/cmake_prefix_path.sh'
[1.074s] Level 1:colcon.colcon_core.environment:checking '/home/michal/ros2_ws/src/install/my_new_package/bin'
[1.074s] Level 1:colcon.colcon_core.environment:checking '/home/michal/ros2_ws/src/install/my_new_package/lib/pkgconfig/my_new_package.pc'
[1.076s] Level 1:colcon.colcon_core.environment:checking '/home/michal/ros2_ws/src/install/my_new_package/lib/python3.8/site-packages'
[1.076s] Level 1:colcon.colcon_core.environment:checking '/home/michal/ros2_ws/src/install/my_new_package/bin'
[1.076s] INFO:colcon.colcon_core.shell:Creating package script '/home/michal/ros2_ws/src/install/my_new_package/share/my_new_package/package.ps1'
[1.077s] INFO:colcon.colcon_core.shell:Creating package descriptor '/home/michal/ros2_ws/src/install/my_new_package/share/my_new_package/package.dsv'
[1.078s] INFO:colcon.colcon_core.shell:Creating package script '/home/michal/ros2_ws/src/install/my_new_package/share/my_new_package/package.sh'
[1.078s] INFO:colcon.colcon_core.shell:Creating package script '/home/michal/ros2_ws/src/install/my_new_package/share/my_new_package/package.bash'
[1.079s] INFO:colcon.colcon_core.shell:Creating package script '/home/michal/ros2_ws/src/install/my_new_package/share/my_new_package/package.zsh'
[1.079s] Level 1:colcon.colcon_core.environment:create_file_with_runtime_dependencies(/home/michal/ros2_ws/src/install/my_new_package/share/colcon-core/packages/my_new_package)
[1.233s] Level 1:colcon.colcon_core.environment:create_environment_scripts_only(my_new_package)
[1.234s] Level 1:colcon.colcon_core.environment:checking '/home/michal/ros2_ws/src/install/my_new_package' for CMake module files
[1.235s] Level 1:colcon.colcon_core.environment:checking '/home/michal/ros2_ws/src/install/my_new_package' for CMake config files
[1.235s] Level 1:colcon.colcon_core.shell:create_environment_hook('my_new_package', 'cmake_prefix_path')
[1.236s] INFO:colcon.colcon_core.shell:Creating environment hook '/home/michal/ros2_ws/src/install/my_new_package/share/my_new_package/hook/cmake_prefix_path.ps1'
[1.237s] INFO:colcon.colcon_core.shell:Creating environment descriptor '/home/michal/ros2_ws/src/install/my_new_package/share/my_new_package/hook/cmake_prefix_path.dsv'
[1.238s] INFO:colcon.colcon_core.shell:Creating environment hook '/home/michal/ros2_ws/src/install/my_new_package/share/my_new_package/hook/cmake_prefix_path.sh'
[1.238s] Level 1:colcon.colcon_core.environment:checking '/home/michal/ros2_ws/src/install/my_new_package/bin'
[1.239s] Level 1:colcon.colcon_core.environment:checking '/home/michal/ros2_ws/src/install/my_new_package/lib/pkgconfig/my_new_package.pc'
[1.239s] Level 1:colcon.colcon_core.environment:checking '/home/michal/ros2_ws/src/install/my_new_package/lib/python3.8/site-packages'
[1.239s] Level 1:colcon.colcon_core.environment:checking '/home/michal/ros2_ws/src/install/my_new_package/bin'
[1.239s] INFO:colcon.colcon_core.shell:Creating package script '/home/michal/ros2_ws/src/install/my_new_package/share/my_new_package/package.ps1'
[1.239s] INFO:colcon.colcon_core.shell:Creating package descriptor '/home/michal/ros2_ws/src/install/my_new_package/share/my_new_package/package.dsv'
[1.240s] INFO:colcon.colcon_core.shell:Creating package script '/home/michal/ros2_ws/src/install/my_new_package/share/my_new_package/package.sh'
[1.240s] INFO:colcon.colcon_core.shell:Creating package script '/home/michal/ros2_ws/src/install/my_new_package/share/my_new_package/package.bash'
[1.240s] INFO:colcon.colcon_core.shell:Creating package script '/home/michal/ros2_ws/src/install/my_new_package/share/my_new_package/package.zsh'
[1.241s] Level 1:colcon.colcon_core.environment:create_file_with_runtime_dependencies(/home/michal/ros2_ws/src/install/my_new_package/share/colcon-core/packages/my_new_package)
[1.241s] DEBUG:colcon.colcon_parallel_executor.executor.parallel:closing loop
[1.241s] DEBUG:colcon.colcon_parallel_executor.executor.parallel:loop closed
[1.241s] DEBUG:colcon.colcon_parallel_executor.executor.parallel:run_until_complete finished with '0'
[1.241s] DEBUG:colcon.colcon_core.event_reactor:joining thread
[1.258s] INFO:colcon.colcon_core.plugin_system:Skipping extension 'colcon_notification.desktop_notification.terminal_notifier': Not used on non-Darwin systems
[1.258s] INFO:colcon.colcon_core.plugin_system:Skipping extension 'colcon_notification.desktop_notification.win32': Not used on non-Windows systems
[1.258s] INFO:colcon.colcon_notification.desktop_notification:Sending desktop notification using 'notify2'
[1.283s] DEBUG:colcon.colcon_core.event_reactor:joined thread
[1.284s] INFO:colcon.colcon_core.shell:Creating prefix script '/home/michal/ros2_ws/src/install/local_setup.ps1'
[1.285s] INFO:colcon.colcon_core.shell:Creating prefix util module '/home/michal/ros2_ws/src/install/_local_setup_util_ps1.py'
[1.286s] INFO:colcon.colcon_core.shell:Creating prefix chain script '/home/michal/ros2_ws/src/install/setup.ps1'
[1.298s] INFO:colcon.colcon_core.shell:Creating prefix script '/home/michal/ros2_ws/src/install/local_setup.sh'
[1.299s] INFO:colcon.colcon_core.shell:Creating prefix util module '/home/michal/ros2_ws/src/install/_local_setup_util_sh.py'
[1.300s] INFO:colcon.colcon_core.shell:Creating prefix chain script '/home/michal/ros2_ws/src/install/setup.sh'
[1.309s] INFO:colcon.colcon_core.shell:Creating prefix script '/home/michal/ros2_ws/src/install/local_setup.bash'
[1.309s] INFO:colcon.colcon_core.shell:Creating prefix chain script '/home/michal/ros2_ws/src/install/setup.bash'
[1.321s] INFO:colcon.colcon_core.shell:Creating prefix script '/home/michal/ros2_ws/src/install/local_setup.zsh'
[1.321s] INFO:colcon.colcon_core.shell:Creating prefix chain script '/home/michal/ros2_ws/src/install/setup.zsh'
