running egg_info
writing ../build/mystery/mystery.egg-info/PKG-INFO
writing dependency_links to ../build/mystery/mystery.egg-info/dependency_links.txt
writing requirements to ../build/mystery/mystery.egg-info/requires.txt
writing top-level names to ../build/mystery/mystery.egg-info/top_level.txt
reading manifest file '../build/mystery/mystery.egg-info/SOURCES.txt'
writing manifest file '../build/mystery/mystery.egg-info/SOURCES.txt'
running build
running build_py
copying mystery/data1.py -> /home/michal/ros2_ws/src/build/mystery/build/lib/mystery
copying mystery/my_node.py -> /home/michal/ros2_ws/src/build/mystery/build/lib/mystery
running install
running install_lib
copying /home/michal/ros2_ws/src/build/mystery/build/lib/mystery/data1.py -> /home/michal/ros2_ws/src/install/mystery/lib/python3.8/site-packages/mystery
copying /home/michal/ros2_ws/src/build/mystery/build/lib/mystery/my_node.py -> /home/michal/ros2_ws/src/install/mystery/lib/python3.8/site-packages/mystery
byte-compiling /home/michal/ros2_ws/src/install/mystery/lib/python3.8/site-packages/mystery/data1.py to data1.cpython-38.pyc
byte-compiling /home/michal/ros2_ws/src/install/mystery/lib/python3.8/site-packages/mystery/my_node.py to my_node.cpython-38.pyc
running install_data
running install_egg_info
removing '/home/michal/ros2_ws/src/install/mystery/lib/python3.8/site-packages/mystery-0.0.0-py3.8.egg-info' (and everything under it)
Copying ../build/mystery/mystery.egg-info to /home/michal/ros2_ws/src/install/mystery/lib/python3.8/site-packages/mystery-0.0.0-py3.8.egg-info
running install_scripts
writing list of installed files to '/home/michal/ros2_ws/src/build/mystery/install.log'
