[0.913s] Invoking command in '/home/michal/ros2_ws/src/mystery': PYTHONPATH=/home/michal/ros2_ws/src/build/mystery/prefix_override:/home/michal/ros2_ws/src/install/mystery/lib/python3.8/site-packages:${PYTHONPATH} /usr/bin/python3 -W ignore:setup.py install is deprecated setup.py egg_info --egg-base ../build/mystery build --build-base /home/michal/ros2_ws/src/build/mystery/build install --record /home/michal/ros2_ws/src/build/mystery/install.log --single-version-externally-managed install_data
[1.110s] running egg_info
[1.123s] writing ../build/mystery/mystery.egg-info/PKG-INFO
[1.124s] writing dependency_links to ../build/mystery/mystery.egg-info/dependency_links.txt
[1.124s] writing requirements to ../build/mystery/mystery.egg-info/requires.txt
[1.124s] writing top-level names to ../build/mystery/mystery.egg-info/top_level.txt
[1.232s] reading manifest file '../build/mystery/mystery.egg-info/SOURCES.txt'
[1.233s] writing manifest file '../build/mystery/mystery.egg-info/SOURCES.txt'
[1.233s] running build
[1.233s] running build_py
[1.233s] copying mystery/data1.py -> /home/michal/ros2_ws/src/build/mystery/build/lib/mystery
[1.233s] copying mystery/my_node.py -> /home/michal/ros2_ws/src/build/mystery/build/lib/mystery
[1.233s] running install
[1.238s] running install_lib
[1.250s] copying /home/michal/ros2_ws/src/build/mystery/build/lib/mystery/data1.py -> /home/michal/ros2_ws/src/install/mystery/lib/python3.8/site-packages/mystery
[1.250s] copying /home/michal/ros2_ws/src/build/mystery/build/lib/mystery/my_node.py -> /home/michal/ros2_ws/src/install/mystery/lib/python3.8/site-packages/mystery
[1.251s] byte-compiling /home/michal/ros2_ws/src/install/mystery/lib/python3.8/site-packages/mystery/data1.py to data1.cpython-38.pyc
[1.251s] byte-compiling /home/michal/ros2_ws/src/install/mystery/lib/python3.8/site-packages/mystery/my_node.py to my_node.cpython-38.pyc
[1.251s] running install_data
[1.252s] running install_egg_info
[1.265s] removing '/home/michal/ros2_ws/src/install/mystery/lib/python3.8/site-packages/mystery-0.0.0-py3.8.egg-info' (and everything under it)
[1.265s] Copying ../build/mystery/mystery.egg-info to /home/michal/ros2_ws/src/install/mystery/lib/python3.8/site-packages/mystery-0.0.0-py3.8.egg-info
[1.265s] running install_scripts
[1.305s] writing list of installed files to '/home/michal/ros2_ws/src/build/mystery/install.log'
[1.346s] Invoked command in '/home/michal/ros2_ws/src/mystery' returned '0': PYTHONPATH=/home/michal/ros2_ws/src/build/mystery/prefix_override:/home/michal/ros2_ws/src/install/mystery/lib/python3.8/site-packages:${PYTHONPATH} /usr/bin/python3 -W ignore:setup.py install is deprecated setup.py egg_info --egg-base ../build/mystery build --build-base /home/michal/ros2_ws/src/build/mystery/build install --record /home/michal/ros2_ws/src/build/mystery/install.log --single-version-externally-managed install_data
