[0.198s] DEBUG:colcon:Command line arguments: ['/usr/bin/colcon', 'build']
[0.198s] DEBUG:colcon:Parsed command line arguments: Namespace(allow_overriding=[], ament_cmake_args=None, base_paths=['.'], build_base='build', catkin_cmake_args=None, catkin_skip_building_tests=False, cmake_args=None, cmake_clean_cache=False, cmake_clean_first=False, cmake_force_configure=False, cmake_target=None, cmake_target_skip_unavailable=False, continue_on_error=False, event_handlers=None, executor='parallel', ignore_user_meta=False, install_base='install', log_base=None, log_level=None, main=<bound method BuildVerb.main of <colcon_core.verb.build.BuildVerb object at 0x7ff6ab509c10>>, merge_install=False, metas=['./colcon.meta'], packages_above=None, packages_above_and_dependencies=None, packages_above_depth=None, packages_end=None, packages_ignore=None, packages_ignore_regex=None, packages_select=None, packages_select_build_failed=False, packages_select_by_dep=None, packages_select_regex=None, packages_select_test_failures=False, packages_skip=None, packages_skip_build_finished=False, packages_skip_by_dep=None, packages_skip_regex=None, packages_skip_test_passed=False, packages_skip_up_to=None, packages_start=None, packages_up_to=None, packages_up_to_regex=None, parallel_workers=12, paths=None, symlink_install=False, test_result_base=None, verb_extension=<colcon_core.verb.build.BuildVerb object at 0x7ff6ab509c10>, verb_name='build', verb_parser=<colcon_defaults.argument_parser.defaults.DefaultArgumentsDecorator object at 0x7ff6ab5174f0>)
[0.236s] Level 1:colcon.colcon_core.package_discovery:discover_packages(colcon_meta) check parameters
[0.237s] Level 1:colcon.colcon_core.package_discovery:discover_packages(recursive) check parameters
[0.237s] Level 1:colcon.colcon_core.package_discovery:discover_packages(ignore) check parameters
[0.237s] Level 1:colcon.colcon_core.package_discovery:discover_packages(path) check parameters
[0.237s] Level 1:colcon.colcon_core.package_discovery:discover_packages(colcon_meta) discover
[0.237s] Level 1:colcon.colcon_core.package_discovery:discover_packages(recursive) discover
[0.237s] INFO:colcon.colcon_core.package_discovery:Crawling recursively for packages in '/home/michal/ros2_ws/src'
[0.237s] Level 1:colcon.colcon_core.package_identification:_identify(.) by extensions ['ignore', 'ignore_ament_install']
[0.237s] Level 1:colcon.colcon_core.package_identification:_identify(.) by extension 'ignore'
[0.237s] Level 1:colcon.colcon_core.package_identification:_identify(.) by extension 'ignore_ament_install'
[0.237s] Level 1:colcon.colcon_core.package_identification:_identify(.) by extensions ['colcon_pkg']
[0.237s] Level 1:colcon.colcon_core.package_identification:_identify(.) by extension 'colcon_pkg'
[0.237s] Level 1:colcon.colcon_core.package_identification:_identify(.) by extensions ['colcon_meta']
[0.237s] Level 1:colcon.colcon_core.package_identification:_identify(.) by extension 'colcon_meta'
[0.237s] Level 1:colcon.colcon_core.package_identification:_identify(.) by extensions ['ros']
[0.237s] Level 1:colcon.colcon_core.package_identification:_identify(.) by extension 'ros'
[0.254s] Level 1:colcon.colcon_core.package_identification:_identify(.) by extensions ['cmake', 'python']
[0.254s] Level 1:colcon.colcon_core.package_identification:_identify(.) by extension 'cmake'
[0.254s] Level 1:colcon.colcon_core.package_identification:_identify(.) by extension 'python'
[0.254s] Level 1:colcon.colcon_core.package_identification:_identify(.) by extensions ['python_setup_py']
[0.254s] Level 1:colcon.colcon_core.package_identification:_identify(.) by extension 'python_setup_py'
[0.254s] Level 1:colcon.colcon_core.package_identification:_identify(build) by extensions ['ignore', 'ignore_ament_install']
[0.254s] Level 1:colcon.colcon_core.package_identification:_identify(build) by extension 'ignore'
[0.254s] Level 1:colcon.colcon_core.package_identification:_identify(build) ignored
[0.254s] Level 1:colcon.colcon_core.package_identification:_identify(install) by extensions ['ignore', 'ignore_ament_install']
[0.254s] Level 1:colcon.colcon_core.package_identification:_identify(install) by extension 'ignore'
[0.254s] Level 1:colcon.colcon_core.package_identification:_identify(install) ignored
[0.254s] Level 1:colcon.colcon_core.package_identification:_identify(log) by extensions ['ignore', 'ignore_ament_install']
[0.254s] Level 1:colcon.colcon_core.package_identification:_identify(log) by extension 'ignore'
[0.254s] Level 1:colcon.colcon_core.package_identification:_identify(log) ignored
[0.255s] Level 1:colcon.colcon_core.package_identification:_identify(my_new_package) by extensions ['ignore', 'ignore_ament_install']
[0.255s] Level 1:colcon.colcon_core.package_identification:_identify(my_new_package) by extension 'ignore'
[0.255s] Level 1:colcon.colcon_core.package_identification:_identify(my_new_package) by extension 'ignore_ament_install'
[0.255s] Level 1:colcon.colcon_core.package_identification:_identify(my_new_package) by extensions ['colcon_pkg']
[0.255s] Level 1:colcon.colcon_core.package_identification:_identify(my_new_package) by extension 'colcon_pkg'
[0.255s] Level 1:colcon.colcon_core.package_identification:_identify(my_new_package) by extensions ['colcon_meta']
[0.255s] Level 1:colcon.colcon_core.package_identification:_identify(my_new_package) by extension 'colcon_meta'
[0.255s] Level 1:colcon.colcon_core.package_identification:_identify(my_new_package) by extensions ['ros']
[0.255s] Level 1:colcon.colcon_core.package_identification:_identify(my_new_package) by extension 'ros'
[0.257s] DEBUG:colcon.colcon_core.package_identification:Package 'my_new_package' with type 'ros.ament_cmake' and name 'my_new_package'
[0.257s] Level 1:colcon.colcon_core.package_identification:_identify(my_package) by extensions ['ignore', 'ignore_ament_install']
[0.257s] Level 1:colcon.colcon_core.package_identification:_identify(my_package) by extension 'ignore'
[0.257s] Level 1:colcon.colcon_core.package_identification:_identify(my_package) by extension 'ignore_ament_install'
[0.257s] Level 1:colcon.colcon_core.package_identification:_identify(my_package) by extensions ['colcon_pkg']
[0.257s] Level 1:colcon.colcon_core.package_identification:_identify(my_package) by extension 'colcon_pkg'
[0.257s] Level 1:colcon.colcon_core.package_identification:_identify(my_package) by extensions ['colcon_meta']
[0.257s] Level 1:colcon.colcon_core.package_identification:_identify(my_package) by extension 'colcon_meta'
[0.257s] Level 1:colcon.colcon_core.package_identification:_identify(my_package) by extensions ['ros']
[0.257s] Level 1:colcon.colcon_core.package_identification:_identify(my_package) by extension 'ros'
[0.257s] DEBUG:colcon.colcon_core.package_identification:Package 'my_package' with type 'ros.ament_python' and name 'my_package'
[0.257s] Level 1:colcon.colcon_core.package_identification:_identify(mystery) by extensions ['ignore', 'ignore_ament_install']
[0.257s] Level 1:colcon.colcon_core.package_identification:_identify(mystery) by extension 'ignore'
[0.257s] Level 1:colcon.colcon_core.package_identification:_identify(mystery) by extension 'ignore_ament_install'
[0.257s] Level 1:colcon.colcon_core.package_identification:_identify(mystery) by extensions ['colcon_pkg']
[0.257s] Level 1:colcon.colcon_core.package_identification:_identify(mystery) by extension 'colcon_pkg'
[0.258s] Level 1:colcon.colcon_core.package_identification:_identify(mystery) by extensions ['colcon_meta']
[0.258s] Level 1:colcon.colcon_core.package_identification:_identify(mystery) by extension 'colcon_meta'
[0.258s] Level 1:colcon.colcon_core.package_identification:_identify(mystery) by extensions ['ros']
[0.258s] Level 1:colcon.colcon_core.package_identification:_identify(mystery) by extension 'ros'
[0.258s] DEBUG:colcon.colcon_core.package_identification:Package 'mystery' with type 'ros.ament_python' and name 'mystery'
[0.258s] Level 1:colcon.colcon_core.package_discovery:discover_packages(recursive) using defaults
[0.258s] Level 1:colcon.colcon_core.package_discovery:discover_packages(ignore) discover
[0.258s] Level 1:colcon.colcon_core.package_discovery:discover_packages(ignore) using defaults
[0.258s] Level 1:colcon.colcon_core.package_discovery:discover_packages(path) discover
[0.258s] Level 1:colcon.colcon_core.package_discovery:discover_packages(path) using defaults
[0.273s] Level 1:colcon.colcon_core.package_discovery:discover_packages(prefix_path) check parameters
[0.274s] Level 1:colcon.colcon_core.package_discovery:discover_packages(prefix_path) discover
[0.275s] DEBUG:colcon.colcon_installed_package_information.package_discovery:Found 3 installed packages in /home/michal/ros2_ws/src/install
[0.275s] Level 1:colcon.colcon_core.package_discovery:discover_packages(prefix_path) using defaults
[0.277s] Level 5:colcon.colcon_core.verb:set package 'my_new_package' build argument 'cmake_args' from command line to 'None'
[0.277s] Level 5:colcon.colcon_core.verb:set package 'my_new_package' build argument 'cmake_target' from command line to 'None'
[0.277s] Level 5:colcon.colcon_core.verb:set package 'my_new_package' build argument 'cmake_target_skip_unavailable' from command line to 'False'
[0.277s] Level 5:colcon.colcon_core.verb:set package 'my_new_package' build argument 'cmake_clean_cache' from command line to 'False'
[0.277s] Level 5:colcon.colcon_core.verb:set package 'my_new_package' build argument 'cmake_clean_first' from command line to 'False'
[0.277s] Level 5:colcon.colcon_core.verb:set package 'my_new_package' build argument 'cmake_force_configure' from command line to 'False'
[0.277s] Level 5:colcon.colcon_core.verb:set package 'my_new_package' build argument 'ament_cmake_args' from command line to 'None'
[0.277s] Level 5:colcon.colcon_core.verb:set package 'my_new_package' build argument 'catkin_cmake_args' from command line to 'None'
[0.277s] Level 5:colcon.colcon_core.verb:set package 'my_new_package' build argument 'catkin_skip_building_tests' from command line to 'False'
[0.277s] DEBUG:colcon.colcon_core.verb:Building package 'my_new_package' with the following arguments: {'ament_cmake_args': None, 'build_base': '/home/michal/ros2_ws/src/build/my_new_package', 'catkin_cmake_args': None, 'catkin_skip_building_tests': False, 'cmake_args': None, 'cmake_clean_cache': False, 'cmake_clean_first': False, 'cmake_force_configure': False, 'cmake_target': None, 'cmake_target_skip_unavailable': False, 'install_base': '/home/michal/ros2_ws/src/install/my_new_package', 'merge_install': False, 'path': '/home/michal/ros2_ws/src/my_new_package', 'symlink_install': False, 'test_result_base': None}
[0.277s] Level 5:colcon.colcon_core.verb:set package 'my_package' build argument 'cmake_args' from command line to 'None'
[0.277s] Level 5:colcon.colcon_core.verb:set package 'my_package' build argument 'cmake_target' from command line to 'None'
[0.277s] Level 5:colcon.colcon_core.verb:set package 'my_package' build argument 'cmake_target_skip_unavailable' from command line to 'False'
[0.277s] Level 5:colcon.colcon_core.verb:set package 'my_package' build argument 'cmake_clean_cache' from command line to 'False'
[0.277s] Level 5:colcon.colcon_core.verb:set package 'my_package' build argument 'cmake_clean_first' from command line to 'False'
[0.277s] Level 5:colcon.colcon_core.verb:set package 'my_package' build argument 'cmake_force_configure' from command line to 'False'
[0.277s] Level 5:colcon.colcon_core.verb:set package 'my_package' build argument 'ament_cmake_args' from command line to 'None'
[0.277s] Level 5:colcon.colcon_core.verb:set package 'my_package' build argument 'catkin_cmake_args' from command line to 'None'
[0.277s] Level 5:colcon.colcon_core.verb:set package 'my_package' build argument 'catkin_skip_building_tests' from command line to 'False'
[0.278s] DEBUG:colcon.colcon_core.verb:Building package 'my_package' with the following arguments: {'ament_cmake_args': None, 'build_base': '/home/michal/ros2_ws/src/build/my_package', 'catkin_cmake_args': None, 'catkin_skip_building_tests': False, 'cmake_args': None, 'cmake_clean_cache': False, 'cmake_clean_first': False, 'cmake_force_configure': False, 'cmake_target': None, 'cmake_target_skip_unavailable': False, 'install_base': '/home/michal/ros2_ws/src/install/my_package', 'merge_install': False, 'path': '/home/michal/ros2_ws/src/my_package', 'symlink_install': False, 'test_result_base': None}
[0.278s] Level 5:colcon.colcon_core.verb:set package 'mystery' build argument 'cmake_args' from command line to 'None'
[0.278s] Level 5:colcon.colcon_core.verb:set package 'mystery' build argument 'cmake_target' from command line to 'None'
[0.278s] Level 5:colcon.colcon_core.verb:set package 'mystery' build argument 'cmake_target_skip_unavailable' from command line to 'False'
[0.278s] Level 5:colcon.colcon_core.verb:set package 'mystery' build argument 'cmake_clean_cache' from command line to 'False'
[0.278s] Level 5:colcon.colcon_core.verb:set package 'mystery' build argument 'cmake_clean_first' from command line to 'False'
[0.278s] Level 5:colcon.colcon_core.verb:set package 'mystery' build argument 'cmake_force_configure' from command line to 'False'
[0.278s] Level 5:colcon.colcon_core.verb:set package 'mystery' build argument 'ament_cmake_args' from command line to 'None'
[0.278s] Level 5:colcon.colcon_core.verb:set package 'mystery' build argument 'catkin_cmake_args' from command line to 'None'
[0.278s] Level 5:colcon.colcon_core.verb:set package 'mystery' build argument 'catkin_skip_building_tests' from command line to 'False'
[0.278s] DEBUG:colcon.colcon_core.verb:Building package 'mystery' with the following arguments: {'ament_cmake_args': None, 'build_base': '/home/michal/ros2_ws/src/build/mystery', 'catkin_cmake_args': None, 'catkin_skip_building_tests': False, 'cmake_args': None, 'cmake_clean_cache': False, 'cmake_clean_first': False, 'cmake_force_configure': False, 'cmake_target': None, 'cmake_target_skip_unavailable': False, 'install_base': '/home/michal/ros2_ws/src/install/mystery', 'merge_install': False, 'path': '/home/michal/ros2_ws/src/mystery', 'symlink_install': False, 'test_result_base': None}
[0.278s] INFO:colcon.colcon_core.executor:Executing jobs using 'parallel' executor
[0.279s] DEBUG:colcon.colcon_parallel_executor.executor.parallel:run_until_complete
[0.279s] INFO:colcon.colcon_ros.task.ament_cmake.build:Building ROS package in '/home/michal/ros2_ws/src/my_new_package' with build type 'ament_cmake'
[0.280s] INFO:colcon.colcon_cmake.task.cmake.build:Building CMake package in '/home/michal/ros2_ws/src/my_new_package'
[0.281s] INFO:colcon.colcon_core.plugin_system:Skipping extension 'colcon_core.shell.bat': Not used on non-Windows systems
[0.281s] INFO:colcon.colcon_core.shell:Skip shell extension 'powershell' for command environment: Not usable outside of PowerShell
[0.282s] DEBUG:colcon.colcon_core.shell:Skip shell extension 'dsv' for command environment
[0.285s] INFO:colcon.colcon_ros.task.ament_python.build:Building ROS package in '/home/michal/ros2_ws/src/my_package' with build type 'ament_python'
[0.285s] Level 1:colcon.colcon_core.shell:create_environment_hook('my_package', 'ament_prefix_path')
[0.285s] INFO:colcon.colcon_core.shell:Creating environment hook '/home/michal/ros2_ws/src/install/my_package/share/my_package/hook/ament_prefix_path.ps1'
[0.286s] INFO:colcon.colcon_core.shell:Creating environment descriptor '/home/michal/ros2_ws/src/install/my_package/share/my_package/hook/ament_prefix_path.dsv'
[0.286s] INFO:colcon.colcon_core.shell:Creating environment hook '/home/michal/ros2_ws/src/install/my_package/share/my_package/hook/ament_prefix_path.sh'
[0.287s] INFO:colcon.colcon_core.shell:Skip shell extension 'powershell' for command environment: Not usable outside of PowerShell
[0.287s] DEBUG:colcon.colcon_core.shell:Skip shell extension 'dsv' for command environment
[0.290s] INFO:colcon.colcon_ros.task.ament_python.build:Building ROS package in '/home/michal/ros2_ws/src/mystery' with build type 'ament_python'
[0.290s] Level 1:colcon.colcon_core.shell:create_environment_hook('mystery', 'ament_prefix_path')
[0.290s] INFO:colcon.colcon_core.shell:Creating environment hook '/home/michal/ros2_ws/src/install/mystery/share/mystery/hook/ament_prefix_path.ps1'
[0.291s] INFO:colcon.colcon_core.shell:Creating environment descriptor '/home/michal/ros2_ws/src/install/mystery/share/mystery/hook/ament_prefix_path.dsv'
[0.291s] INFO:colcon.colcon_core.shell:Creating environment hook '/home/michal/ros2_ws/src/install/mystery/share/mystery/hook/ament_prefix_path.sh'
[0.292s] INFO:colcon.colcon_core.shell:Skip shell extension 'powershell' for command environment: Not usable outside of PowerShell
[0.292s] DEBUG:colcon.colcon_core.shell:Skip shell extension 'dsv' for command environment
[0.304s] DEBUG:colcon.colcon_core.event_handler.log_command:Invoking command in '/home/michal/ros2_ws/src/build/my_new_package': CMAKE_PREFIX_PATH=${CMAKE_PREFIX_PATH}:/home/michal/ros2_ws/src/install/mystery:/home/michal/ros2_ws/src/install/my_package /home/michal/.local/bin/cmake --build /home/michal/ros2_ws/src/build/my_new_package -- -j12 -l12
[0.473s] INFO:colcon.colcon_core.task.python.build:Building Python package in '/home/michal/ros2_ws/src/my_package'
[0.474s] INFO:colcon.colcon_core.shell:Skip shell extension 'powershell' for command environment: Not usable outside of PowerShell
[0.474s] DEBUG:colcon.colcon_core.shell:Skip shell extension 'dsv' for command environment
[0.644s] INFO:colcon.colcon_core.task.python.build:Building Python package in '/home/michal/ros2_ws/src/mystery'
[0.646s] INFO:colcon.colcon_core.shell:Skip shell extension 'powershell' for command environment: Not usable outside of PowerShell
[0.646s] DEBUG:colcon.colcon_core.shell:Skip shell extension 'dsv' for command environment
[0.659s] DEBUG:colcon.colcon_core.event_handler.log_command:Invoked command in '/home/michal/ros2_ws/src/build/my_new_package' returned '0': CMAKE_PREFIX_PATH=${CMAKE_PREFIX_PATH}:/home/michal/ros2_ws/src/install/mystery:/home/michal/ros2_ws/src/install/my_package /home/michal/.local/bin/cmake --build /home/michal/ros2_ws/src/build/my_new_package -- -j12 -l12
[0.724s] DEBUG:colcon.colcon_core.event_handler.log_command:Invoking command in '/home/michal/ros2_ws/src/build/my_new_package': CMAKE_PREFIX_PATH=${CMAKE_PREFIX_PATH}:/home/michal/ros2_ws/src/install/mystery:/home/michal/ros2_ws/src/install/my_package /home/michal/.local/bin/cmake --install /home/michal/ros2_ws/src/build/my_new_package
[0.748s] Level 1:colcon.colcon_core.environment:create_environment_scripts_only(my_new_package)
[0.749s] DEBUG:colcon.colcon_core.event_handler.log_command:Invoked command in '/home/michal/ros2_ws/src/build/my_new_package' returned '0': CMAKE_PREFIX_PATH=${CMAKE_PREFIX_PATH}:/home/michal/ros2_ws/src/install/mystery:/home/michal/ros2_ws/src/install/my_package /home/michal/.local/bin/cmake --install /home/michal/ros2_ws/src/build/my_new_package
[0.751s] Level 1:colcon.colcon_core.environment:checking '/home/michal/ros2_ws/src/install/my_new_package' for CMake module files
[0.752s] Level 1:colcon.colcon_core.environment:checking '/home/michal/ros2_ws/src/install/my_new_package' for CMake config files
[0.752s] Level 1:colcon.colcon_core.shell:create_environment_hook('my_new_package', 'cmake_prefix_path')
[0.752s] INFO:colcon.colcon_core.shell:Creating environment hook '/home/michal/ros2_ws/src/install/my_new_package/share/my_new_package/hook/cmake_prefix_path.ps1'
[0.753s] INFO:colcon.colcon_core.shell:Creating environment descriptor '/home/michal/ros2_ws/src/install/my_new_package/share/my_new_package/hook/cmake_prefix_path.dsv'
[0.753s] INFO:colcon.colcon_core.shell:Creating environment hook '/home/michal/ros2_ws/src/install/my_new_package/share/my_new_package/hook/cmake_prefix_path.sh'
[0.754s] Level 1:colcon.colcon_core.environment:checking '/home/michal/ros2_ws/src/install/my_new_package/bin'
[0.754s] Level 1:colcon.colcon_core.environment:checking '/home/michal/ros2_ws/src/install/my_new_package/lib/pkgconfig/my_new_package.pc'
[0.754s] Level 1:colcon.colcon_core.environment:checking '/home/michal/ros2_ws/src/install/my_new_package/lib/python3.8/site-packages'
[0.754s] Level 1:colcon.colcon_core.environment:checking '/home/michal/ros2_ws/src/install/my_new_package/bin'
[0.755s] INFO:colcon.colcon_core.shell:Creating package script '/home/michal/ros2_ws/src/install/my_new_package/share/my_new_package/package.ps1'
[0.755s] INFO:colcon.colcon_core.shell:Creating package descriptor '/home/michal/ros2_ws/src/install/my_new_package/share/my_new_package/package.dsv'
[0.756s] INFO:colcon.colcon_core.shell:Creating package script '/home/michal/ros2_ws/src/install/my_new_package/share/my_new_package/package.sh'
[0.756s] INFO:colcon.colcon_core.shell:Creating package script '/home/michal/ros2_ws/src/install/my_new_package/share/my_new_package/package.bash'
[0.757s] INFO:colcon.colcon_core.shell:Creating package script '/home/michal/ros2_ws/src/install/my_new_package/share/my_new_package/package.zsh'
[0.757s] Level 1:colcon.colcon_core.environment:create_file_with_runtime_dependencies(/home/michal/ros2_ws/src/install/my_new_package/share/colcon-core/packages/my_new_package)
[0.793s] Level 1:colcon.colcon_core.environment:create_environment_scripts_only(my_new_package)
[0.793s] Level 1:colcon.colcon_core.environment:checking '/home/michal/ros2_ws/src/install/my_new_package' for CMake module files
[0.794s] Level 1:colcon.colcon_core.environment:checking '/home/michal/ros2_ws/src/install/my_new_package' for CMake config files
[0.794s] Level 1:colcon.colcon_core.shell:create_environment_hook('my_new_package', 'cmake_prefix_path')
[0.795s] INFO:colcon.colcon_core.shell:Creating environment hook '/home/michal/ros2_ws/src/install/my_new_package/share/my_new_package/hook/cmake_prefix_path.ps1'
[0.795s] INFO:colcon.colcon_core.shell:Creating environment descriptor '/home/michal/ros2_ws/src/install/my_new_package/share/my_new_package/hook/cmake_prefix_path.dsv'
[0.796s] INFO:colcon.colcon_core.shell:Creating environment hook '/home/michal/ros2_ws/src/install/my_new_package/share/my_new_package/hook/cmake_prefix_path.sh'
[0.796s] Level 1:colcon.colcon_core.environment:checking '/home/michal/ros2_ws/src/install/my_new_package/bin'
[0.797s] Level 1:colcon.colcon_core.environment:checking '/home/michal/ros2_ws/src/install/my_new_package/lib/pkgconfig/my_new_package.pc'
[0.797s] Level 1:colcon.colcon_core.environment:checking '/home/michal/ros2_ws/src/install/my_new_package/lib/python3.8/site-packages'
[0.797s] Level 1:colcon.colcon_core.environment:checking '/home/michal/ros2_ws/src/install/my_new_package/bin'
[0.797s] INFO:colcon.colcon_core.shell:Creating package script '/home/michal/ros2_ws/src/install/my_new_package/share/my_new_package/package.ps1'
[0.798s] INFO:colcon.colcon_core.shell:Creating package descriptor '/home/michal/ros2_ws/src/install/my_new_package/share/my_new_package/package.dsv'
[0.798s] INFO:colcon.colcon_core.shell:Creating package script '/home/michal/ros2_ws/src/install/my_new_package/share/my_new_package/package.sh'
[0.799s] INFO:colcon.colcon_core.shell:Creating package script '/home/michal/ros2_ws/src/install/my_new_package/share/my_new_package/package.bash'
[0.799s] INFO:colcon.colcon_core.shell:Creating package script '/home/michal/ros2_ws/src/install/my_new_package/share/my_new_package/package.zsh'
[0.800s] Level 1:colcon.colcon_core.environment:create_file_with_runtime_dependencies(/home/michal/ros2_ws/src/install/my_new_package/share/colcon-core/packages/my_new_package)
[1.203s] DEBUG:colcon.colcon_core.event_handler.log_command:Invoking command in '/home/michal/ros2_ws/src/mystery': PYTHONPATH=/home/michal/ros2_ws/src/build/mystery/prefix_override:/home/michal/ros2_ws/src/install/mystery/lib/python3.8/site-packages:${PYTHONPATH} /usr/bin/python3 -W ignore:setup.py install is deprecated setup.py egg_info --egg-base ../build/mystery build --build-base /home/michal/ros2_ws/src/build/mystery/build install --record /home/michal/ros2_ws/src/build/mystery/install.log --single-version-externally-managed install_data
[1.266s] DEBUG:colcon.colcon_core.event_handler.log_command:Invoking command in '/home/michal/ros2_ws/src/my_package': PYTHONPATH=/home/michal/ros2_ws/src/build/my_package/prefix_override:/home/michal/ros2_ws/src/install/my_package/lib/python3.8/site-packages:${PYTHONPATH} /usr/bin/python3 -W ignore:setup.py install is deprecated setup.py egg_info --egg-base ../build/my_package build --build-base /home/michal/ros2_ws/src/build/my_package/build install --record /home/michal/ros2_ws/src/build/my_package/install.log --single-version-externally-managed install_data
[1.636s] Level 1:colcon.colcon_core.environment:checking '/home/michal/ros2_ws/src/install/mystery' for CMake module files
[1.637s] DEBUG:colcon.colcon_core.event_handler.log_command:Invoked command in '/home/michal/ros2_ws/src/mystery' returned '0': PYTHONPATH=/home/michal/ros2_ws/src/build/mystery/prefix_override:/home/michal/ros2_ws/src/install/mystery/lib/python3.8/site-packages:${PYTHONPATH} /usr/bin/python3 -W ignore:setup.py install is deprecated setup.py egg_info --egg-base ../build/mystery build --build-base /home/michal/ros2_ws/src/build/mystery/build install --record /home/michal/ros2_ws/src/build/mystery/install.log --single-version-externally-managed install_data
[1.637s] Level 1:colcon.colcon_core.environment:checking '/home/michal/ros2_ws/src/install/mystery' for CMake config files
[1.638s] Level 1:colcon.colcon_core.environment:checking '/home/michal/ros2_ws/src/install/mystery/lib'
[1.638s] Level 1:colcon.colcon_core.environment:checking '/home/michal/ros2_ws/src/install/mystery/bin'
[1.638s] Level 1:colcon.colcon_core.environment:checking '/home/michal/ros2_ws/src/install/mystery/lib/pkgconfig/mystery.pc'
[1.638s] Level 1:colcon.colcon_core.environment:checking '/home/michal/ros2_ws/src/install/mystery/lib/python3.8/site-packages'
[1.638s] Level 1:colcon.colcon_core.shell:create_environment_hook('mystery', 'pythonpath')
[1.638s] INFO:colcon.colcon_core.shell:Creating environment hook '/home/michal/ros2_ws/src/install/mystery/share/mystery/hook/pythonpath.ps1'
[1.639s] INFO:colcon.colcon_core.shell:Creating environment descriptor '/home/michal/ros2_ws/src/install/mystery/share/mystery/hook/pythonpath.dsv'
[1.639s] INFO:colcon.colcon_core.shell:Creating environment hook '/home/michal/ros2_ws/src/install/mystery/share/mystery/hook/pythonpath.sh'
[1.640s] Level 1:colcon.colcon_core.environment:checking '/home/michal/ros2_ws/src/install/mystery/bin'
[1.640s] Level 1:colcon.colcon_core.environment:create_environment_scripts_only(mystery)
[1.640s] INFO:colcon.colcon_core.shell:Creating package script '/home/michal/ros2_ws/src/install/mystery/share/mystery/package.ps1'
[1.640s] INFO:colcon.colcon_core.shell:Creating package descriptor '/home/michal/ros2_ws/src/install/mystery/share/mystery/package.dsv'
[1.641s] INFO:colcon.colcon_core.shell:Creating package script '/home/michal/ros2_ws/src/install/mystery/share/mystery/package.sh'
[1.641s] INFO:colcon.colcon_core.shell:Creating package script '/home/michal/ros2_ws/src/install/mystery/share/mystery/package.bash'
[1.641s] INFO:colcon.colcon_core.shell:Creating package script '/home/michal/ros2_ws/src/install/mystery/share/mystery/package.zsh'
[1.642s] Level 1:colcon.colcon_core.environment:create_file_with_runtime_dependencies(/home/michal/ros2_ws/src/install/mystery/share/colcon-core/packages/mystery)
[1.700s] Level 1:colcon.colcon_core.environment:checking '/home/michal/ros2_ws/src/install/my_package' for CMake module files
[1.701s] DEBUG:colcon.colcon_core.event_handler.log_command:Invoked command in '/home/michal/ros2_ws/src/my_package' returned '0': PYTHONPATH=/home/michal/ros2_ws/src/build/my_package/prefix_override:/home/michal/ros2_ws/src/install/my_package/lib/python3.8/site-packages:${PYTHONPATH} /usr/bin/python3 -W ignore:setup.py install is deprecated setup.py egg_info --egg-base ../build/my_package build --build-base /home/michal/ros2_ws/src/build/my_package/build install --record /home/michal/ros2_ws/src/build/my_package/install.log --single-version-externally-managed install_data
[1.701s] Level 1:colcon.colcon_core.environment:checking '/home/michal/ros2_ws/src/install/my_package' for CMake config files
[1.702s] Level 1:colcon.colcon_core.environment:checking '/home/michal/ros2_ws/src/install/my_package/lib'
[1.702s] Level 1:colcon.colcon_core.environment:checking '/home/michal/ros2_ws/src/install/my_package/bin'
[1.702s] Level 1:colcon.colcon_core.environment:checking '/home/michal/ros2_ws/src/install/my_package/lib/pkgconfig/my_package.pc'
[1.702s] Level 1:colcon.colcon_core.environment:checking '/home/michal/ros2_ws/src/install/my_package/lib/python3.8/site-packages'
[1.702s] Level 1:colcon.colcon_core.shell:create_environment_hook('my_package', 'pythonpath')
[1.702s] INFO:colcon.colcon_core.shell:Creating environment hook '/home/michal/ros2_ws/src/install/my_package/share/my_package/hook/pythonpath.ps1'
[1.703s] INFO:colcon.colcon_core.shell:Creating environment descriptor '/home/michal/ros2_ws/src/install/my_package/share/my_package/hook/pythonpath.dsv'
[1.703s] INFO:colcon.colcon_core.shell:Creating environment hook '/home/michal/ros2_ws/src/install/my_package/share/my_package/hook/pythonpath.sh'
[1.703s] Level 1:colcon.colcon_core.environment:checking '/home/michal/ros2_ws/src/install/my_package/bin'
[1.703s] Level 1:colcon.colcon_core.environment:create_environment_scripts_only(my_package)
[1.703s] INFO:colcon.colcon_core.shell:Creating package script '/home/michal/ros2_ws/src/install/my_package/share/my_package/package.ps1'
[1.704s] INFO:colcon.colcon_core.shell:Creating package descriptor '/home/michal/ros2_ws/src/install/my_package/share/my_package/package.dsv'
[1.704s] INFO:colcon.colcon_core.shell:Creating package script '/home/michal/ros2_ws/src/install/my_package/share/my_package/package.sh'
[1.704s] INFO:colcon.colcon_core.shell:Creating package script '/home/michal/ros2_ws/src/install/my_package/share/my_package/package.bash'
[1.705s] INFO:colcon.colcon_core.shell:Creating package script '/home/michal/ros2_ws/src/install/my_package/share/my_package/package.zsh'
[1.705s] Level 1:colcon.colcon_core.environment:create_file_with_runtime_dependencies(/home/michal/ros2_ws/src/install/my_package/share/colcon-core/packages/my_package)
[1.705s] DEBUG:colcon.colcon_parallel_executor.executor.parallel:closing loop
[1.705s] DEBUG:colcon.colcon_parallel_executor.executor.parallel:loop closed
[1.705s] DEBUG:colcon.colcon_parallel_executor.executor.parallel:run_until_complete finished with '0'
[1.705s] DEBUG:colcon.colcon_core.event_reactor:joining thread
[1.715s] INFO:colcon.colcon_core.plugin_system:Skipping extension 'colcon_notification.desktop_notification.terminal_notifier': Not used on non-Darwin systems
[1.716s] INFO:colcon.colcon_core.plugin_system:Skipping extension 'colcon_notification.desktop_notification.win32': Not used on non-Windows systems
[1.716s] INFO:colcon.colcon_notification.desktop_notification:Sending desktop notification using 'notify2'
[1.738s] DEBUG:colcon.colcon_core.event_reactor:joined thread
[1.739s] INFO:colcon.colcon_core.shell:Creating prefix script '/home/michal/ros2_ws/src/install/local_setup.ps1'
[1.740s] INFO:colcon.colcon_core.shell:Creating prefix util module '/home/michal/ros2_ws/src/install/_local_setup_util_ps1.py'
[1.741s] INFO:colcon.colcon_core.shell:Creating prefix chain script '/home/michal/ros2_ws/src/install/setup.ps1'
[1.742s] INFO:colcon.colcon_core.shell:Creating prefix script '/home/michal/ros2_ws/src/install/local_setup.sh'
[1.742s] INFO:colcon.colcon_core.shell:Creating prefix util module '/home/michal/ros2_ws/src/install/_local_setup_util_sh.py'
[1.743s] INFO:colcon.colcon_core.shell:Creating prefix chain script '/home/michal/ros2_ws/src/install/setup.sh'
[1.744s] INFO:colcon.colcon_core.shell:Creating prefix script '/home/michal/ros2_ws/src/install/local_setup.bash'
[1.744s] INFO:colcon.colcon_core.shell:Creating prefix chain script '/home/michal/ros2_ws/src/install/setup.bash'
[1.745s] INFO:colcon.colcon_core.shell:Creating prefix script '/home/michal/ros2_ws/src/install/local_setup.zsh'
[1.745s] INFO:colcon.colcon_core.shell:Creating prefix chain script '/home/michal/ros2_ws/src/install/setup.zsh'
