-- The C compiler identification is GNU 9.4.0
-- The CXX compiler identification is GNU 9.4.0
-- Detecting C compiler ABI info
-- Detecting C compiler ABI info - done
-- Check for working C compiler: /usr/bin/cc - skipped
-- Detecting C compile features
-- Detecting C compile features - done
-- Detecting CXX compiler ABI info
-- Detecting CXX compiler ABI info - done
-- Check for working CXX compiler: /usr/bin/c++ - skipped
-- Detecting CXX compile features
-- Detecting CXX compile features - done
-- Found ament_cmake: 1.3.8 (/home/michal/ros2_humble/install/ament_cmake/share/ament_cmake/cmake)
-- Found Python3: /usr/bin/python3 (found version "3.8.10") found components: Interpreter 
-- Found ament_lint_auto: 0.12.10 (/home/michal/ros2_humble/install/ament_lint_auto/share/ament_lint_auto/cmake)
-- Added test 'cppcheck' to perform static code analysis on C / C++ code
-- Configured cppcheck include dirs: 
-- Configured cppcheck exclude dirs and/or files: 
-- Added test 'flake8' to check Python code syntax and style conventions
-- Added test 'lint_cmake' to check CMake code style
-- Added test 'pep257' to check Python code against some of the docstring style conventions in PEP 257
-- Added test 'uncrustify' to check C / C++ code style
-- Configured uncrustify additional arguments: 
-- Added test 'xmllint' to check XML markup files
-- Configuring done (1.8s)
-- Generating done (0.0s)
-- Build files have been written to: /home/michal/ros2_ws/src/build/my_new_package
-- Install configuration: ""
-- Installing: /home/michal/ros2_ws/src/install/my_new_package/share/ament_index/resource_index/package_run_dependencies/my_new_package
-- Installing: /home/michal/ros2_ws/src/install/my_new_package/share/ament_index/resource_index/parent_prefix_path/my_new_package
-- Installing: /home/michal/ros2_ws/src/install/my_new_package/share/my_new_package/environment/ament_prefix_path.sh
-- Installing: /home/michal/ros2_ws/src/install/my_new_package/share/my_new_package/environment/ament_prefix_path.dsv
-- Installing: /home/michal/ros2_ws/src/install/my_new_package/share/my_new_package/environment/path.sh
-- Installing: /home/michal/ros2_ws/src/install/my_new_package/share/my_new_package/environment/path.dsv
-- Installing: /home/michal/ros2_ws/src/install/my_new_package/share/my_new_package/local_setup.bash
-- Installing: /home/michal/ros2_ws/src/install/my_new_package/share/my_new_package/local_setup.sh
-- Installing: /home/michal/ros2_ws/src/install/my_new_package/share/my_new_package/local_setup.zsh
-- Installing: /home/michal/ros2_ws/src/install/my_new_package/share/my_new_package/local_setup.dsv
-- Installing: /home/michal/ros2_ws/src/install/my_new_package/share/my_new_package/package.dsv
-- Installing: /home/michal/ros2_ws/src/install/my_new_package/share/ament_index/resource_index/packages/my_new_package
-- Installing: /home/michal/ros2_ws/src/install/my_new_package/share/my_new_package/cmake/my_new_packageConfig.cmake
-- Installing: /home/michal/ros2_ws/src/install/my_new_package/share/my_new_package/cmake/my_new_packageConfig-version.cmake
-- Installing: /home/michal/ros2_ws/src/install/my_new_package/share/my_new_package/package.xml
